0 info it worked if it ends with ok
1 verbose cli [ '/usr/bin/node', '/usr/bin/npm', 'i', '-g', 'gun' ]
2 info using npm@3.5.2
3 info using node@v8.10.0
4 silly loadCurrentTree Starting
5 silly install loadCurrentTree
6 silly install readGlobalPackageData
7 silly fetchPackageMetaData gun
8 silly fetchNamedPackageData gun
9 silly mapToRegistry name gun
10 silly mapToRegistry using default registry
11 silly mapToRegistry registry https://registry.npmjs.org/
12 silly mapToRegistry uri https://registry.npmjs.org/gun
13 verbose request uri https://registry.npmjs.org/gun
14 verbose request no auth needed
15 info attempt registry request try #1 at 12:27:28 PM
16 verbose request id 2fb2f915aab1ab2b
17 verbose etag W/"e900a053fab0287daee5ccf97f1fbdea"
18 verbose lastModified Thu, 21 Nov 2019 08:42:49 GMT
19 http request GET https://registry.npmjs.org/gun
20 http 304 https://registry.npmjs.org/gun
21 verbose headers { date: 'Wed, 04 Dec 2019 10:27:28 GMT',
21 verbose headers   connection: 'keep-alive',
21 verbose headers   'set-cookie':
21 verbose headers    [ '__cfduid=d216579a1851d02d7bd29d93dcba0b98e1575455248; expires=Fri, 03-Jan-20 10:27:28 GMT; path=/; domain=.npmjs.org; HttpOnly' ],
21 verbose headers   'cf-ray': '53fd1689fb1bd779-MRS',
21 verbose headers   'cf-cache-status': 'HIT',
21 verbose headers   'cache-control': 'public, max-age=300',
21 verbose headers   age: '7089',
21 verbose headers   etag: '"e900a053fab0287daee5ccf97f1fbdea"',
21 verbose headers   'last-modified': 'Thu, 21 Nov 2019 08:42:49 GMT',
21 verbose headers   vary: 'Accept-Encoding',
21 verbose headers   'expect-ct': 'max-age=604800, report-uri="https://report-uri.cloudflare.com/cdn-cgi/beacon/expect-ct"',
21 verbose headers   server: 'cloudflare' }
22 silly get cb [ 304,
22 silly get   { date: 'Wed, 04 Dec 2019 10:27:28 GMT',
22 silly get     connection: 'keep-alive',
22 silly get     'set-cookie':
22 silly get      [ '__cfduid=d216579a1851d02d7bd29d93dcba0b98e1575455248; expires=Fri, 03-Jan-20 10:27:28 GMT; path=/; domain=.npmjs.org; HttpOnly' ],
22 silly get     'cf-ray': '53fd1689fb1bd779-MRS',
22 silly get     'cf-cache-status': 'HIT',
22 silly get     'cache-control': 'public, max-age=300',
22 silly get     age: '7089',
22 silly get     etag: '"e900a053fab0287daee5ccf97f1fbdea"',
22 silly get     'last-modified': 'Thu, 21 Nov 2019 08:42:49 GMT',
22 silly get     vary: 'Accept-Encoding',
22 silly get     'expect-ct': 'max-age=604800, report-uri="https://report-uri.cloudflare.com/cdn-cgi/beacon/expect-ct"',
22 silly get     server: 'cloudflare' } ]
23 verbose etag https://registry.npmjs.org/gun from cache
24 verbose get saving gun to /home/wafaaismail/.npm/registry.npmjs.org/gun/.cache.json
25 silly install normalizeTree
26 silly loadCurrentTree Finishing
27 silly loadIdealTree Starting
28 silly install loadIdealTree
29 silly cloneCurrentTree Starting
30 silly install cloneCurrentTreeToIdealTree
31 silly cloneCurrentTree Finishing
32 silly loadShrinkwrap Starting
33 silly install loadShrinkwrap
34 silly loadShrinkwrap Finishing
35 silly loadAllDepsIntoIdealTree Starting
36 silly install loadAllDepsIntoIdealTree
37 silly resolveWithNewModule gun@0.2019.1120 checking installable status
38 silly cache add args [ 'gun', null ]
39 verbose cache add spec gun
40 silly cache add parsed spec Result {
40 silly cache add   raw: 'gun',
40 silly cache add   scope: null,
40 silly cache add   name: 'gun',
40 silly cache add   rawSpec: '',
40 silly cache add   spec: 'latest',
40 silly cache add   type: 'tag' }
41 silly addNamed gun@latest
42 verbose addNamed "latest" is being treated as a dist-tag for gun
43 info addNameTag [ 'gun', 'latest' ]
44 silly mapToRegistry name gun
45 silly mapToRegistry using default registry
46 silly mapToRegistry registry https://registry.npmjs.org/
47 silly mapToRegistry uri https://registry.npmjs.org/gun
48 verbose addNameTag registry:https://registry.npmjs.org/gun not in flight; fetching
49 verbose get https://registry.npmjs.org/gun not expired, no request
50 silly addNameTag next cb for gun with tag latest
51 silly addNamed gun@0.2019.1120
52 verbose addNamed "0.2019.1120" is a plain semver version for gun
53 silly cache afterAdd gun@0.2019.1120
54 verbose afterAdd /home/wafaaismail/.npm/gun/0.2019.1120/package/package.json not in flight; writing
55 verbose afterAdd /home/wafaaismail/.npm/gun/0.2019.1120/package/package.json written
56 silly fetchNamedPackageData ws
57 silly mapToRegistry name ws
58 silly mapToRegistry using default registry
59 silly mapToRegistry registry https://registry.npmjs.org/
60 silly mapToRegistry uri https://registry.npmjs.org/ws
61 silly fetchNamedPackageData @peculiar/webcrypto
62 silly mapToRegistry name @peculiar/webcrypto
63 silly mapToRegistry scope (from package name) @peculiar
64 verbose mapToRegistry no registry URL found in name for scope @peculiar
65 silly mapToRegistry using default registry
66 silly mapToRegistry registry https://registry.npmjs.org/
67 silly mapToRegistry uri https://registry.npmjs.org/@peculiar%2fwebcrypto
68 silly fetchNamedPackageData emailjs
69 silly mapToRegistry name emailjs
70 silly mapToRegistry using default registry
71 silly mapToRegistry registry https://registry.npmjs.org/
72 silly mapToRegistry uri https://registry.npmjs.org/emailjs
73 silly fetchNamedPackageData text-encoding
74 silly mapToRegistry name text-encoding
75 silly mapToRegistry using default registry
76 silly mapToRegistry registry https://registry.npmjs.org/
77 silly mapToRegistry uri https://registry.npmjs.org/text-encoding
78 verbose request uri https://registry.npmjs.org/text-encoding
79 verbose request no auth needed
80 info attempt registry request try #1 at 12:27:29 PM
81 verbose etag W/"a32ba6affa22ba23f23875026650b21a"
82 verbose lastModified Sat, 05 Jan 2019 15:04:33 GMT
83 http request GET https://registry.npmjs.org/text-encoding
84 verbose request uri https://registry.npmjs.org/ws
85 verbose request no auth needed
86 info attempt registry request try #1 at 12:27:29 PM
87 verbose etag W/"eb525f64fab8183eb31bb413dbd710f9"
88 verbose lastModified Sat, 19 Oct 2019 14:24:54 GMT
89 http request GET https://registry.npmjs.org/ws
90 verbose request uri https://registry.npmjs.org/emailjs
91 verbose request no auth needed
92 info attempt registry request try #1 at 12:27:29 PM
93 verbose etag W/"8da5e7fadf688a444c9383222747e68c"
94 verbose lastModified Mon, 09 Jul 2018 04:45:02 GMT
95 http request GET https://registry.npmjs.org/emailjs
96 verbose request uri https://registry.npmjs.org/@peculiar%2fwebcrypto
97 verbose request no auth needed
98 info attempt registry request try #1 at 12:27:29 PM
99 verbose etag W/"a5c13c20ae9348d0f008943f16e7dfa8"
100 verbose lastModified Sat, 12 Oct 2019 07:37:25 GMT
101 http request GET https://registry.npmjs.org/@peculiar%2fwebcrypto
102 http 304 https://registry.npmjs.org/text-encoding
103 verbose headers { date: 'Wed, 04 Dec 2019 10:27:29 GMT',
103 verbose headers   connection: 'keep-alive',
103 verbose headers   'set-cookie':
103 verbose headers    [ '__cfduid=d6dab8ba667d4228a8f15821d1f33c6dd1575455249; expires=Fri, 03-Jan-20 10:27:29 GMT; path=/; domain=.npmjs.org; HttpOnly' ],
103 verbose headers   'cf-ray': '53fd16902a50d779-MRS',
103 verbose headers   'cf-cache-status': 'HIT',
103 verbose headers   'cache-control': 'public, max-age=300',
103 verbose headers   etag: '"a32ba6affa22ba23f23875026650b21a"',
103 verbose headers   'last-modified': 'Sat, 05 Jan 2019 15:04:33 GMT',
103 verbose headers   vary: 'Accept-Encoding',
103 verbose headers   'expect-ct': 'max-age=604800, report-uri="https://report-uri.cloudflare.com/cdn-cgi/beacon/expect-ct"',
103 verbose headers   server: 'cloudflare' }
104 silly get cb [ 304,
104 silly get   { date: 'Wed, 04 Dec 2019 10:27:29 GMT',
104 silly get     connection: 'keep-alive',
104 silly get     'set-cookie':
104 silly get      [ '__cfduid=d6dab8ba667d4228a8f15821d1f33c6dd1575455249; expires=Fri, 03-Jan-20 10:27:29 GMT; path=/; domain=.npmjs.org; HttpOnly' ],
104 silly get     'cf-ray': '53fd16902a50d779-MRS',
104 silly get     'cf-cache-status': 'HIT',
104 silly get     'cache-control': 'public, max-age=300',
104 silly get     etag: '"a32ba6affa22ba23f23875026650b21a"',
104 silly get     'last-modified': 'Sat, 05 Jan 2019 15:04:33 GMT',
104 silly get     vary: 'Accept-Encoding',
104 silly get     'expect-ct': 'max-age=604800, report-uri="https://report-uri.cloudflare.com/cdn-cgi/beacon/expect-ct"',
104 silly get     server: 'cloudflare' } ]
105 verbose etag https://registry.npmjs.org/text-encoding from cache
106 verbose get saving text-encoding to /home/wafaaismail/.npm/registry.npmjs.org/text-encoding/.cache.json
107 silly resolveWithNewModule text-encoding@0.7.0 checking installable status
108 silly cache add args [ 'text-encoding@^0.7.0', null ]
109 verbose cache add spec text-encoding@^0.7.0
110 silly cache add parsed spec Result {
110 silly cache add   raw: 'text-encoding@^0.7.0',
110 silly cache add   scope: null,
110 silly cache add   name: 'text-encoding',
110 silly cache add   rawSpec: '^0.7.0',
110 silly cache add   spec: '>=0.7.0 <0.8.0',
110 silly cache add   type: 'range' }
111 silly addNamed text-encoding@>=0.7.0 <0.8.0
112 verbose addNamed ">=0.7.0 <0.8.0" is a valid semver range for text-encoding
113 silly addNameRange { name: 'text-encoding',
113 silly addNameRange   range: '>=0.7.0 <0.8.0',
113 silly addNameRange   hasData: false }
114 silly mapToRegistry name text-encoding
115 silly mapToRegistry using default registry
116 silly mapToRegistry registry https://registry.npmjs.org/
117 silly mapToRegistry uri https://registry.npmjs.org/text-encoding
118 verbose addNameRange registry:https://registry.npmjs.org/text-encoding not in flight; fetching
119 verbose get https://registry.npmjs.org/text-encoding not expired, no request
120 silly addNameRange number 2 { name: 'text-encoding', range: '>=0.7.0 <0.8.0', hasData: true }
121 silly addNameRange versions [ 'text-encoding',
121 silly addNameRange   [ '0.0.0',
121 silly addNameRange     '0.1.0',
121 silly addNameRange     '0.5.0',
121 silly addNameRange     '0.5.1',
121 silly addNameRange     '0.5.2',
121 silly addNameRange     '0.5.5',
121 silly addNameRange     '0.6.0',
121 silly addNameRange     '0.6.1',
121 silly addNameRange     '0.6.2',
121 silly addNameRange     '0.6.4',
121 silly addNameRange     '0.7.0' ] ]
122 silly addNamed text-encoding@0.7.0
123 verbose addNamed "0.7.0" is a plain semver version for text-encoding
124 warn deprecated text-encoding@0.7.0: no longer maintained
125 silly cache afterAdd text-encoding@0.7.0
126 verbose afterAdd /home/wafaaismail/.npm/text-encoding/0.7.0/package/package.json not in flight; writing
127 verbose afterAdd /home/wafaaismail/.npm/text-encoding/0.7.0/package/package.json written
128 http 304 https://registry.npmjs.org/emailjs
129 verbose headers { date: 'Wed, 04 Dec 2019 10:27:30 GMT',
129 verbose headers   connection: 'keep-alive',
129 verbose headers   'set-cookie':
129 verbose headers    [ '__cfduid=df76d9916b4013a8841622a02bfd3c4571575455250; expires=Fri, 03-Jan-20 10:27:30 GMT; path=/; domain=.npmjs.org; HttpOnly' ],
129 verbose headers   'cf-ray': '53fd16918ac3d781-MRS',
129 verbose headers   'cf-cache-status': 'HIT',
129 verbose headers   'cache-control': 'public, max-age=300',
129 verbose headers   age: '7084',
129 verbose headers   etag: '"8da5e7fadf688a444c9383222747e68c"',
129 verbose headers   'last-modified': 'Mon, 09 Jul 2018 04:45:02 GMT',
129 verbose headers   vary: 'Accept-Encoding',
129 verbose headers   'expect-ct': 'max-age=604800, report-uri="https://report-uri.cloudflare.com/cdn-cgi/beacon/expect-ct"',
129 verbose headers   server: 'cloudflare' }
130 silly get cb [ 304,
130 silly get   { date: 'Wed, 04 Dec 2019 10:27:30 GMT',
130 silly get     connection: 'keep-alive',
130 silly get     'set-cookie':
130 silly get      [ '__cfduid=df76d9916b4013a8841622a02bfd3c4571575455250; expires=Fri, 03-Jan-20 10:27:30 GMT; path=/; domain=.npmjs.org; HttpOnly' ],
130 silly get     'cf-ray': '53fd16918ac3d781-MRS',
130 silly get     'cf-cache-status': 'HIT',
130 silly get     'cache-control': 'public, max-age=300',
130 silly get     age: '7084',
130 silly get     etag: '"8da5e7fadf688a444c9383222747e68c"',
130 silly get     'last-modified': 'Mon, 09 Jul 2018 04:45:02 GMT',
130 silly get     vary: 'Accept-Encoding',
130 silly get     'expect-ct': 'max-age=604800, report-uri="https://report-uri.cloudflare.com/cdn-cgi/beacon/expect-ct"',
130 silly get     server: 'cloudflare' } ]
131 verbose etag https://registry.npmjs.org/emailjs from cache
132 verbose get saving emailjs to /home/wafaaismail/.npm/registry.npmjs.org/emailjs/.cache.json
133 http 304 https://registry.npmjs.org/ws
134 verbose headers { date: 'Wed, 04 Dec 2019 10:27:30 GMT',
134 verbose headers   connection: 'keep-alive',
134 verbose headers   'set-cookie':
134 verbose headers    [ '__cfduid=d97fe8ce5009b38e25b46233d6a6a0f7d1575455250; expires=Fri, 03-Jan-20 10:27:30 GMT; path=/; domain=.npmjs.org; HttpOnly' ],
134 verbose headers   'cf-ray': '53fd16919d0ee918-MRS',
134 verbose headers   'cf-cache-status': 'HIT',
134 verbose headers   'cache-control': 'public, max-age=300',
134 verbose headers   age: '6965',
134 verbose headers   etag: '"eb525f64fab8183eb31bb413dbd710f9"',
134 verbose headers   'last-modified': 'Sat, 19 Oct 2019 14:24:54 GMT',
134 verbose headers   vary: 'Accept-Encoding',
134 verbose headers   'expect-ct': 'max-age=604800, report-uri="https://report-uri.cloudflare.com/cdn-cgi/beacon/expect-ct"',
134 verbose headers   server: 'cloudflare' }
135 silly get cb [ 304,
135 silly get   { date: 'Wed, 04 Dec 2019 10:27:30 GMT',
135 silly get     connection: 'keep-alive',
135 silly get     'set-cookie':
135 silly get      [ '__cfduid=d97fe8ce5009b38e25b46233d6a6a0f7d1575455250; expires=Fri, 03-Jan-20 10:27:30 GMT; path=/; domain=.npmjs.org; HttpOnly' ],
135 silly get     'cf-ray': '53fd16919d0ee918-MRS',
135 silly get     'cf-cache-status': 'HIT',
135 silly get     'cache-control': 'public, max-age=300',
135 silly get     age: '6965',
135 silly get     etag: '"eb525f64fab8183eb31bb413dbd710f9"',
135 silly get     'last-modified': 'Sat, 19 Oct 2019 14:24:54 GMT',
135 silly get     vary: 'Accept-Encoding',
135 silly get     'expect-ct': 'max-age=604800, report-uri="https://report-uri.cloudflare.com/cdn-cgi/beacon/expect-ct"',
135 silly get     server: 'cloudflare' } ]
136 verbose etag https://registry.npmjs.org/ws from cache
137 verbose get saving ws to /home/wafaaismail/.npm/registry.npmjs.org/ws/.cache.json
138 silly resolveWithNewModule emailjs@2.2.0 checking installable status
139 silly cache add args [ 'emailjs@^2.2.0', null ]
140 verbose cache add spec emailjs@^2.2.0
141 silly cache add parsed spec Result {
141 silly cache add   raw: 'emailjs@^2.2.0',
141 silly cache add   scope: null,
141 silly cache add   name: 'emailjs',
141 silly cache add   rawSpec: '^2.2.0',
141 silly cache add   spec: '>=2.2.0 <3.0.0',
141 silly cache add   type: 'range' }
142 silly addNamed emailjs@>=2.2.0 <3.0.0
143 verbose addNamed ">=2.2.0 <3.0.0" is a valid semver range for emailjs
144 silly addNameRange { name: 'emailjs', range: '>=2.2.0 <3.0.0', hasData: false }
145 silly mapToRegistry name emailjs
146 silly mapToRegistry using default registry
147 silly mapToRegistry registry https://registry.npmjs.org/
148 silly mapToRegistry uri https://registry.npmjs.org/emailjs
149 verbose addNameRange registry:https://registry.npmjs.org/emailjs not in flight; fetching
150 silly resolveWithNewModule ws@7.1.2 checking installable status
151 silly cache add args [ 'ws@~>7.1.0', null ]
152 verbose cache add spec ws@~>7.1.0
153 silly cache add parsed spec Result {
153 silly cache add   raw: 'ws@~>7.1.0',
153 silly cache add   scope: null,
153 silly cache add   name: 'ws',
153 silly cache add   rawSpec: '~>7.1.0',
153 silly cache add   spec: '>=7.1.0 <7.2.0',
153 silly cache add   type: 'range' }
154 silly addNamed ws@>=7.1.0 <7.2.0
155 verbose addNamed ">=7.1.0 <7.2.0" is a valid semver range for ws
156 silly addNameRange { name: 'ws', range: '>=7.1.0 <7.2.0', hasData: false }
157 silly mapToRegistry name ws
158 silly mapToRegistry using default registry
159 silly mapToRegistry registry https://registry.npmjs.org/
160 silly mapToRegistry uri https://registry.npmjs.org/ws
161 verbose addNameRange registry:https://registry.npmjs.org/ws not in flight; fetching
162 verbose get https://registry.npmjs.org/emailjs not expired, no request
163 silly addNameRange number 2 { name: 'emailjs', range: '>=2.2.0 <3.0.0', hasData: true }
164 silly addNameRange versions [ 'emailjs',
164 silly addNameRange   [ '0.1.0',
164 silly addNameRange     '0.1.1',
164 silly addNameRange     '0.1.2',
164 silly addNameRange     '0.1.3',
164 silly addNameRange     '0.1.4',
164 silly addNameRange     '0.1.5',
164 silly addNameRange     '0.1.6',
164 silly addNameRange     '0.1.7',
164 silly addNameRange     '0.1.8',
164 silly addNameRange     '0.1.9',
164 silly addNameRange     '0.1.10',
164 silly addNameRange     '0.1.11',
164 silly addNameRange     '0.1.12',
164 silly addNameRange     '0.1.13',
164 silly addNameRange     '0.1.14',
164 silly addNameRange     '0.1.15',
164 silly addNameRange     '0.1.16',
164 silly addNameRange     '0.1.17',
164 silly addNameRange     '0.1.18',
164 silly addNameRange     '0.1.19',
164 silly addNameRange     '0.2.0',
164 silly addNameRange     '0.2.1',
164 silly addNameRange     '0.2.2',
164 silly addNameRange     '0.2.4',
164 silly addNameRange     '0.2.5',
164 silly addNameRange     '0.2.7',
164 silly addNameRange     '0.2.8',
164 silly addNameRange     '0.2.9',
164 silly addNameRange     '0.3.0',
164 silly addNameRange     '0.3.1',
164 silly addNameRange     '0.3.2',
164 silly addNameRange     '0.3.3',
164 silly addNameRange     '0.3.4',
164 silly addNameRange     '0.3.5',
164 silly addNameRange     '0.3.6',
164 silly addNameRange     '0.3.8',
164 silly addNameRange     '0.3.9',
164 silly addNameRange     '0.3.10',
164 silly addNameRange     '0.3.11',
164 silly addNameRange     '0.3.12',
164 silly addNameRange     '0.3.13',
164 silly addNameRange     '0.3.15',
164 silly addNameRange     '0.3.16',
164 silly addNameRange     '1.0.0',
164 silly addNameRange     '1.0.1',
164 silly addNameRange     '1.0.2',
164 silly addNameRange     '1.0.3',
164 silly addNameRange     '1.0.4',
164 silly addNameRange     '1.0.5',
164 silly addNameRange     '1.0.6',
164 silly addNameRange     '1.0.7',
164 silly addNameRange     '1.0.8',
164 silly addNameRange     '1.0.9',
164 silly addNameRange     '1.0.10',
164 silly addNameRange     '1.0.11',
164 silly addNameRange     '1.0.12',
164 silly addNameRange     '2.0.0',
164 silly addNameRange     '2.1.0',
164 silly addNameRange     '2.2.0' ] ]
165 silly addNamed emailjs@2.2.0
166 verbose addNamed "2.2.0" is a plain semver version for emailjs
167 verbose get https://registry.npmjs.org/ws not expired, no request
168 silly addNameRange number 2 { name: 'ws', range: '>=7.1.0 <7.2.0', hasData: true }
169 silly addNameRange versions [ 'ws',
169 silly addNameRange   [ '0.2.6',
169 silly addNameRange     '0.2.8',
169 silly addNameRange     '0.2.9',
169 silly addNameRange     '0.3.0',
169 silly addNameRange     '0.3.1',
169 silly addNameRange     '0.3.2',
169 silly addNameRange     '0.3.3',
169 silly addNameRange     '0.3.4',
169 silly addNameRange     '0.3.4-2',
169 silly addNameRange     '0.3.5',
169 silly addNameRange     '0.3.5-2',
169 silly addNameRange     '0.3.5-3',
169 silly addNameRange     '0.3.5-4',
169 silly addNameRange     '0.3.6',
169 silly addNameRange     '0.3.7',
169 silly addNameRange     '0.3.8',
169 silly addNameRange     '0.3.9',
169 silly addNameRange     '0.4.0',
169 silly addNameRange     '0.4.1',
169 silly addNameRange     '0.4.2',
169 silly addNameRange     '0.4.3',
169 silly addNameRange     '0.4.5',
169 silly addNameRange     '0.4.6',
169 silly addNameRange     '0.4.7',
169 silly addNameRange     '0.4.8',
169 silly addNameRange     '0.4.9',
169 silly addNameRange     '0.4.10',
169 silly addNameRange     '0.4.11',
169 silly addNameRange     '0.4.12',
169 silly addNameRange     '0.4.13',
169 silly addNameRange     '0.4.14',
169 silly addNameRange     '0.4.15',
169 silly addNameRange     '0.4.16',
169 silly addNameRange     '0.4.17',
169 silly addNameRange     '0.4.18',
169 silly addNameRange     '0.4.19',
169 silly addNameRange     '0.4.20',
169 silly addNameRange     '0.4.21',
169 silly addNameRange     '0.4.22',
169 silly addNameRange     '0.4.23',
169 silly addNameRange     '0.4.24',
169 silly addNameRange     '0.4.25',
169 silly addNameRange     '0.4.27',
169 silly addNameRange     '0.4.28',
169 silly addNameRange     '0.4.29',
169 silly addNameRange     '0.4.30',
169 silly addNameRange     '0.4.31',
169 silly addNameRange     '0.4.32',
169 silly addNameRange     '0.5.0',
169 silly addNameRange     '0.6.0',
169 silly addNameRange     '0.6.1',
169 silly addNameRange     '0.6.2',
169 silly addNameRange     '0.6.3',
169 silly addNameRange     '0.6.4',
169 silly addNameRange     '0.6.5',
169 silly addNameRange     '0.7.0',
169 silly addNameRange     '0.7.1',
169 silly addNameRange     '0.7.2',
169 silly addNameRange     '0.8.0',
169 silly addNameRange     '0.8.1',
169 silly addNameRange     '1.0.0',
169 silly addNameRange     '1.0.1',
169 silly addNameRange     '1.1.0',
169 silly addNameRange     '1.1.1',
169 silly addNameRange     '2.0.0-beta.0',
169 silly addNameRange     '2.0.0-beta.1',
169 silly addNameRange     '2.0.0-beta.2',
169 silly addNameRange     '2.0.0',
169 silly addNameRange     '2.0.1',
169 silly addNameRange     '2.0.2',
169 silly addNameRange     '2.0.3',
169 silly addNameRange     '1.1.2',
169 silly addNameRange     '2.1.0',
169 silly addNameRange     '2.2.0',
169 silly addNameRange     '1.1.3',
169 silly addNameRange     '1.1.4',
169 silly addNameRange     '2.2.1',
169 silly addNameRange     '2.2.2',
169 silly addNameRange     '2.2.3',
169 silly addNameRange     '2.3.0',
169 silly addNameRange     '2.3.1',
169 silly addNameRange     '3.0.0',
169 silly addNameRange     '3.1.0',
169 silly addNameRange     '3.2.0',
169 silly addNameRange     '3.3.0',
169 silly addNameRange     '1.1.5',
169 silly addNameRange     '3.3.1',
169 silly addNameRange     '3.3.2',
169 silly addNameRange     '3.3.3',
169 silly addNameRange     '4.0.0',
169 silly addNameRange     '4.1.0',
169 silly addNameRange     '5.0.0',
169 silly addNameRange     '5.1.0',
169 silly addNameRange     '5.1.1',
169 silly addNameRange     '5.2.0',
169 silly addNameRange     '5.2.1',
169 silly addNameRange     '5.2.2',
169 silly addNameRange     '6.0.0',
169 silly addNameRange     '6.1.0',
169 silly addNameRange     '6.1.1',
169 silly addNameRange     ... 11 more items ] ]
170 silly addNamed ws@7.1.2
171 verbose addNamed "7.1.2" is a plain semver version for ws
172 silly cache afterAdd ws@7.1.2
173 verbose afterAdd /home/wafaaismail/.npm/ws/7.1.2/package/package.json not in flight; writing
174 verbose afterAdd /home/wafaaismail/.npm/ws/7.1.2/package/package.json written
175 silly cache afterAdd emailjs@2.2.0
176 verbose afterAdd /home/wafaaismail/.npm/emailjs/2.2.0/package/package.json not in flight; writing
177 verbose afterAdd /home/wafaaismail/.npm/emailjs/2.2.0/package/package.json written
178 http 304 https://registry.npmjs.org/@peculiar%2fwebcrypto
179 verbose headers { date: 'Wed, 04 Dec 2019 10:27:30 GMT',
179 verbose headers   connection: 'keep-alive',
179 verbose headers   'set-cookie':
179 verbose headers    [ '__cfduid=dd048ba59a8995c4a996271993dffa9371575455250; expires=Fri, 03-Jan-20 10:27:30 GMT; path=/; domain=.npmjs.org; HttpOnly' ],
179 verbose headers   'cf-ray': '53fd1691ad0ee914-MRS',
179 verbose headers   'cf-cache-status': 'HIT',
179 verbose headers   'cache-control': 'public, max-age=300',
179 verbose headers   age: '5751',
179 verbose headers   etag: '"a5c13c20ae9348d0f008943f16e7dfa8"',
179 verbose headers   'last-modified': 'Sat, 12 Oct 2019 07:37:25 GMT',
179 verbose headers   vary: 'Accept-Encoding',
179 verbose headers   'expect-ct': 'max-age=604800, report-uri="https://report-uri.cloudflare.com/cdn-cgi/beacon/expect-ct"',
179 verbose headers   server: 'cloudflare' }
180 silly get cb [ 304,
180 silly get   { date: 'Wed, 04 Dec 2019 10:27:30 GMT',
180 silly get     connection: 'keep-alive',
180 silly get     'set-cookie':
180 silly get      [ '__cfduid=dd048ba59a8995c4a996271993dffa9371575455250; expires=Fri, 03-Jan-20 10:27:30 GMT; path=/; domain=.npmjs.org; HttpOnly' ],
180 silly get     'cf-ray': '53fd1691ad0ee914-MRS',
180 silly get     'cf-cache-status': 'HIT',
180 silly get     'cache-control': 'public, max-age=300',
180 silly get     age: '5751',
180 silly get     etag: '"a5c13c20ae9348d0f008943f16e7dfa8"',
180 silly get     'last-modified': 'Sat, 12 Oct 2019 07:37:25 GMT',
180 silly get     vary: 'Accept-Encoding',
180 silly get     'expect-ct': 'max-age=604800, report-uri="https://report-uri.cloudflare.com/cdn-cgi/beacon/expect-ct"',
180 silly get     server: 'cloudflare' } ]
181 verbose etag https://registry.npmjs.org/@peculiar%2fwebcrypto from cache
182 verbose get saving @peculiar/webcrypto to /home/wafaaismail/.npm/registry.npmjs.org/_40peculiar_252fwebcrypto/.cache.json
183 silly resolveWithNewModule @peculiar/webcrypto@1.0.21 checking installable status
184 silly cache add args [ '@peculiar/webcrypto@^1.0.19', null ]
185 verbose cache add spec @peculiar/webcrypto@^1.0.19
186 silly cache add parsed spec Result {
186 silly cache add   raw: '@peculiar/webcrypto@^1.0.19',
186 silly cache add   scope: '@peculiar',
186 silly cache add   name: '@peculiar/webcrypto',
186 silly cache add   rawSpec: '^1.0.19',
186 silly cache add   spec: '>=1.0.19 <2.0.0',
186 silly cache add   type: 'range' }
187 silly addNamed @peculiar/webcrypto@>=1.0.19 <2.0.0
188 verbose addNamed ">=1.0.19 <2.0.0" is a valid semver range for @peculiar/webcrypto
189 silly addNameRange { name: '@peculiar/webcrypto',
189 silly addNameRange   range: '>=1.0.19 <2.0.0',
189 silly addNameRange   hasData: false }
190 silly mapToRegistry name @peculiar/webcrypto
191 silly mapToRegistry scope (from package name) @peculiar
192 verbose mapToRegistry no registry URL found in name for scope @peculiar
193 silly mapToRegistry using default registry
194 silly mapToRegistry registry https://registry.npmjs.org/
195 silly mapToRegistry uri https://registry.npmjs.org/@peculiar%2fwebcrypto
196 verbose addNameRange registry:https://registry.npmjs.org/@peculiar%2fwebcrypto not in flight; fetching
197 verbose get https://registry.npmjs.org/@peculiar%2fwebcrypto not expired, no request
198 silly addNameRange number 2 { name: '@peculiar/webcrypto',
198 silly addNameRange   range: '>=1.0.19 <2.0.0',
198 silly addNameRange   hasData: true }
199 silly addNameRange versions [ '@peculiar/webcrypto',
199 silly addNameRange   [ '1.0.1',
199 silly addNameRange     '1.0.2',
199 silly addNameRange     '1.0.3',
199 silly addNameRange     '1.0.4',
199 silly addNameRange     '1.0.5',
199 silly addNameRange     '1.0.6',
199 silly addNameRange     '1.0.7',
199 silly addNameRange     '1.0.8',
199 silly addNameRange     '1.0.9',
199 silly addNameRange     '1.0.10',
199 silly addNameRange     '1.0.11',
199 silly addNameRange     '1.0.12',
199 silly addNameRange     '1.0.13',
199 silly addNameRange     '1.0.14',
199 silly addNameRange     '1.0.15',
199 silly addNameRange     '1.0.16',
199 silly addNameRange     '1.0.17',
199 silly addNameRange     '1.0.18',
199 silly addNameRange     '1.0.19',
199 silly addNameRange     '1.0.20',
199 silly addNameRange     '1.0.21' ] ]
200 silly addNamed @peculiar/webcrypto@1.0.21
201 verbose addNamed "1.0.21" is a plain semver version for @peculiar/webcrypto
202 silly cache afterAdd @peculiar/webcrypto@1.0.21
203 verbose afterAdd /home/wafaaismail/.npm/@peculiar/webcrypto/1.0.21/package/package.json not in flight; writing
204 verbose afterAdd /home/wafaaismail/.npm/@peculiar/webcrypto/1.0.21/package/package.json written
205 silly fetchNamedPackageData @peculiar/asn1-schema
206 silly mapToRegistry name @peculiar/asn1-schema
207 silly mapToRegistry scope (from package name) @peculiar
208 verbose mapToRegistry no registry URL found in name for scope @peculiar
209 silly mapToRegistry using default registry
210 silly mapToRegistry registry https://registry.npmjs.org/
211 silly mapToRegistry uri https://registry.npmjs.org/@peculiar%2fasn1-schema
212 silly fetchNamedPackageData @peculiar/json-schema
213 silly mapToRegistry name @peculiar/json-schema
214 silly mapToRegistry scope (from package name) @peculiar
215 verbose mapToRegistry no registry URL found in name for scope @peculiar
216 silly mapToRegistry using default registry
217 silly mapToRegistry registry https://registry.npmjs.org/
218 silly mapToRegistry uri https://registry.npmjs.org/@peculiar%2fjson-schema
219 silly fetchNamedPackageData asn1js
220 silly mapToRegistry name asn1js
221 silly mapToRegistry using default registry
222 silly mapToRegistry registry https://registry.npmjs.org/
223 silly mapToRegistry uri https://registry.npmjs.org/asn1js
224 silly fetchNamedPackageData pvtsutils
225 silly mapToRegistry name pvtsutils
226 silly mapToRegistry using default registry
227 silly mapToRegistry registry https://registry.npmjs.org/
228 silly mapToRegistry uri https://registry.npmjs.org/pvtsutils
229 silly fetchNamedPackageData tslib
230 silly mapToRegistry name tslib
231 silly mapToRegistry using default registry
232 silly mapToRegistry registry https://registry.npmjs.org/
233 silly mapToRegistry uri https://registry.npmjs.org/tslib
234 silly fetchNamedPackageData webcrypto-core
235 silly mapToRegistry name webcrypto-core
236 silly mapToRegistry using default registry
237 silly mapToRegistry registry https://registry.npmjs.org/
238 silly mapToRegistry uri https://registry.npmjs.org/webcrypto-core
239 verbose request uri https://registry.npmjs.org/pvtsutils
240 verbose request no auth needed
241 info attempt registry request try #1 at 12:27:31 PM
242 verbose etag W/"c9e5633740a10aa5bfbeb6c00dd2634f"
243 verbose lastModified Wed, 04 Sep 2019 05:15:50 GMT
244 http request GET https://registry.npmjs.org/pvtsutils
245 verbose request uri https://registry.npmjs.org/asn1js
246 verbose request no auth needed
247 info attempt registry request try #1 at 12:27:31 PM
248 verbose etag W/"13e647774fe9ecb780a3bea4a8d0b4c9"
249 verbose lastModified Thu, 01 Aug 2019 07:34:13 GMT
250 http request GET https://registry.npmjs.org/asn1js
251 verbose request uri https://registry.npmjs.org/webcrypto-core
252 verbose request no auth needed
253 info attempt registry request try #1 at 12:27:31 PM
254 verbose etag W/"c151724850cf9c4d7ec37d86ce5df96d"
255 verbose lastModified Wed, 04 Sep 2019 06:22:47 GMT
256 http request GET https://registry.npmjs.org/webcrypto-core
257 verbose request uri https://registry.npmjs.org/@peculiar%2fasn1-schema
258 verbose request no auth needed
259 info attempt registry request try #1 at 12:27:31 PM
260 verbose etag W/"0fbc1ac609f601e034d6f739f18739c8"
261 verbose lastModified Wed, 20 Mar 2019 13:05:46 GMT
262 http request GET https://registry.npmjs.org/@peculiar%2fasn1-schema
263 verbose request uri https://registry.npmjs.org/@peculiar%2fjson-schema
264 verbose request no auth needed
265 info attempt registry request try #1 at 12:27:31 PM
266 verbose etag W/"489ef2036767594f75900c9178209c8d"
267 verbose lastModified Sat, 09 Nov 2019 10:38:18 GMT
268 http request GET https://registry.npmjs.org/@peculiar%2fjson-schema
269 verbose request uri https://registry.npmjs.org/tslib
270 verbose request no auth needed
271 info attempt registry request try #1 at 12:27:31 PM
272 verbose etag W/"651a05df85aa358d3be841dbac24ac48"
273 verbose lastModified Fri, 29 Nov 2019 09:32:44 GMT
274 http request GET https://registry.npmjs.org/tslib
275 http 304 https://registry.npmjs.org/webcrypto-core
276 verbose headers { date: 'Wed, 04 Dec 2019 10:27:31 GMT',
276 verbose headers   connection: 'keep-alive',
276 verbose headers   'set-cookie':
276 verbose headers    [ '__cfduid=d66aac94fc629fd1e5598f86804348d411575455251; expires=Fri, 03-Jan-20 10:27:31 GMT; path=/; domain=.npmjs.org; HttpOnly' ],
276 verbose headers   'cf-ray': '53fd16996fcce918-MRS',
276 verbose headers   'cf-cache-status': 'HIT',
276 verbose headers   'cache-control': 'public, max-age=300',
276 verbose headers   age: '5750',
276 verbose headers   etag: '"c151724850cf9c4d7ec37d86ce5df96d"',
276 verbose headers   'last-modified': 'Wed, 04 Sep 2019 06:22:47 GMT',
276 verbose headers   vary: 'Accept-Encoding',
276 verbose headers   'expect-ct': 'max-age=604800, report-uri="https://report-uri.cloudflare.com/cdn-cgi/beacon/expect-ct"',
276 verbose headers   server: 'cloudflare' }
277 silly get cb [ 304,
277 silly get   { date: 'Wed, 04 Dec 2019 10:27:31 GMT',
277 silly get     connection: 'keep-alive',
277 silly get     'set-cookie':
277 silly get      [ '__cfduid=d66aac94fc629fd1e5598f86804348d411575455251; expires=Fri, 03-Jan-20 10:27:31 GMT; path=/; domain=.npmjs.org; HttpOnly' ],
277 silly get     'cf-ray': '53fd16996fcce918-MRS',
277 silly get     'cf-cache-status': 'HIT',
277 silly get     'cache-control': 'public, max-age=300',
277 silly get     age: '5750',
277 silly get     etag: '"c151724850cf9c4d7ec37d86ce5df96d"',
277 silly get     'last-modified': 'Wed, 04 Sep 2019 06:22:47 GMT',
277 silly get     vary: 'Accept-Encoding',
277 silly get     'expect-ct': 'max-age=604800, report-uri="https://report-uri.cloudflare.com/cdn-cgi/beacon/expect-ct"',
277 silly get     server: 'cloudflare' } ]
278 verbose etag https://registry.npmjs.org/webcrypto-core from cache
279 verbose get saving webcrypto-core to /home/wafaaismail/.npm/registry.npmjs.org/webcrypto-core/.cache.json
280 http 304 https://registry.npmjs.org/asn1js
281 verbose headers { date: 'Wed, 04 Dec 2019 10:27:31 GMT',
281 verbose headers   connection: 'keep-alive',
281 verbose headers   'set-cookie':
281 verbose headers    [ '__cfduid=db697a330fd352a49311697ac7cf692731575455251; expires=Fri, 03-Jan-20 10:27:31 GMT; path=/; domain=.npmjs.org; HttpOnly' ],
281 verbose headers   'cf-ray': '53fd16996e16d781-MRS',
281 verbose headers   'cf-cache-status': 'HIT',
281 verbose headers   'cache-control': 'public, max-age=300',
281 verbose headers   age: '5751',
281 verbose headers   etag: '"13e647774fe9ecb780a3bea4a8d0b4c9"',
281 verbose headers   'last-modified': 'Thu, 01 Aug 2019 07:34:13 GMT',
281 verbose headers   vary: 'Accept-Encoding',
281 verbose headers   'expect-ct': 'max-age=604800, report-uri="https://report-uri.cloudflare.com/cdn-cgi/beacon/expect-ct"',
281 verbose headers   server: 'cloudflare' }
282 silly get cb [ 304,
282 silly get   { date: 'Wed, 04 Dec 2019 10:27:31 GMT',
282 silly get     connection: 'keep-alive',
282 silly get     'set-cookie':
282 silly get      [ '__cfduid=db697a330fd352a49311697ac7cf692731575455251; expires=Fri, 03-Jan-20 10:27:31 GMT; path=/; domain=.npmjs.org; HttpOnly' ],
282 silly get     'cf-ray': '53fd16996e16d781-MRS',
282 silly get     'cf-cache-status': 'HIT',
282 silly get     'cache-control': 'public, max-age=300',
282 silly get     age: '5751',
282 silly get     etag: '"13e647774fe9ecb780a3bea4a8d0b4c9"',
282 silly get     'last-modified': 'Thu, 01 Aug 2019 07:34:13 GMT',
282 silly get     vary: 'Accept-Encoding',
282 silly get     'expect-ct': 'max-age=604800, report-uri="https://report-uri.cloudflare.com/cdn-cgi/beacon/expect-ct"',
282 silly get     server: 'cloudflare' } ]
283 verbose etag https://registry.npmjs.org/asn1js from cache
284 verbose get saving asn1js to /home/wafaaismail/.npm/registry.npmjs.org/asn1js/.cache.json
285 http 304 https://registry.npmjs.org/pvtsutils
286 verbose headers { date: 'Wed, 04 Dec 2019 10:27:31 GMT',
286 verbose headers   connection: 'keep-alive',
286 verbose headers   'set-cookie':
286 verbose headers    [ '__cfduid=d0a8a871f22be52a491480d31c8a8dddf1575455251; expires=Fri, 03-Jan-20 10:27:31 GMT; path=/; domain=.npmjs.org; HttpOnly' ],
286 verbose headers   'cf-ray': '53fd1699687cd779-MRS',
286 verbose headers   'cf-cache-status': 'HIT',
286 verbose headers   'cache-control': 'public, max-age=300',
286 verbose headers   age: '5751',
286 verbose headers   etag: '"c9e5633740a10aa5bfbeb6c00dd2634f"',
286 verbose headers   'last-modified': 'Wed, 04 Sep 2019 05:15:50 GMT',
286 verbose headers   vary: 'Accept-Encoding',
286 verbose headers   'expect-ct': 'max-age=604800, report-uri="https://report-uri.cloudflare.com/cdn-cgi/beacon/expect-ct"',
286 verbose headers   server: 'cloudflare' }
287 silly get cb [ 304,
287 silly get   { date: 'Wed, 04 Dec 2019 10:27:31 GMT',
287 silly get     connection: 'keep-alive',
287 silly get     'set-cookie':
287 silly get      [ '__cfduid=d0a8a871f22be52a491480d31c8a8dddf1575455251; expires=Fri, 03-Jan-20 10:27:31 GMT; path=/; domain=.npmjs.org; HttpOnly' ],
287 silly get     'cf-ray': '53fd1699687cd779-MRS',
287 silly get     'cf-cache-status': 'HIT',
287 silly get     'cache-control': 'public, max-age=300',
287 silly get     age: '5751',
287 silly get     etag: '"c9e5633740a10aa5bfbeb6c00dd2634f"',
287 silly get     'last-modified': 'Wed, 04 Sep 2019 05:15:50 GMT',
287 silly get     vary: 'Accept-Encoding',
287 silly get     'expect-ct': 'max-age=604800, report-uri="https://report-uri.cloudflare.com/cdn-cgi/beacon/expect-ct"',
287 silly get     server: 'cloudflare' } ]
288 verbose etag https://registry.npmjs.org/pvtsutils from cache
289 verbose get saving pvtsutils to /home/wafaaismail/.npm/registry.npmjs.org/pvtsutils/.cache.json
290 silly resolveWithNewModule webcrypto-core@1.0.14 checking installable status
291 silly cache add args [ 'webcrypto-core@^1.0.14', null ]
292 verbose cache add spec webcrypto-core@^1.0.14
293 silly cache add parsed spec Result {
293 silly cache add   raw: 'webcrypto-core@^1.0.14',
293 silly cache add   scope: null,
293 silly cache add   name: 'webcrypto-core',
293 silly cache add   rawSpec: '^1.0.14',
293 silly cache add   spec: '>=1.0.14 <2.0.0',
293 silly cache add   type: 'range' }
294 silly addNamed webcrypto-core@>=1.0.14 <2.0.0
295 verbose addNamed ">=1.0.14 <2.0.0" is a valid semver range for webcrypto-core
296 silly addNameRange { name: 'webcrypto-core',
296 silly addNameRange   range: '>=1.0.14 <2.0.0',
296 silly addNameRange   hasData: false }
297 silly mapToRegistry name webcrypto-core
298 silly mapToRegistry using default registry
299 silly mapToRegistry registry https://registry.npmjs.org/
300 silly mapToRegistry uri https://registry.npmjs.org/webcrypto-core
301 verbose addNameRange registry:https://registry.npmjs.org/webcrypto-core not in flight; fetching
302 silly resolveWithNewModule asn1js@2.0.26 checking installable status
303 silly cache add args [ 'asn1js@^2.0.26', null ]
304 verbose cache add spec asn1js@^2.0.26
305 silly cache add parsed spec Result {
305 silly cache add   raw: 'asn1js@^2.0.26',
305 silly cache add   scope: null,
305 silly cache add   name: 'asn1js',
305 silly cache add   rawSpec: '^2.0.26',
305 silly cache add   spec: '>=2.0.26 <3.0.0',
305 silly cache add   type: 'range' }
306 silly addNamed asn1js@>=2.0.26 <3.0.0
307 verbose addNamed ">=2.0.26 <3.0.0" is a valid semver range for asn1js
308 silly addNameRange { name: 'asn1js', range: '>=2.0.26 <3.0.0', hasData: false }
309 silly mapToRegistry name asn1js
310 silly mapToRegistry using default registry
311 silly mapToRegistry registry https://registry.npmjs.org/
312 silly mapToRegistry uri https://registry.npmjs.org/asn1js
313 verbose addNameRange registry:https://registry.npmjs.org/asn1js not in flight; fetching
314 silly resolveWithNewModule pvtsutils@1.0.6 checking installable status
315 silly cache add args [ 'pvtsutils@^1.0.6', null ]
316 verbose cache add spec pvtsutils@^1.0.6
317 silly cache add parsed spec Result {
317 silly cache add   raw: 'pvtsutils@^1.0.6',
317 silly cache add   scope: null,
317 silly cache add   name: 'pvtsutils',
317 silly cache add   rawSpec: '^1.0.6',
317 silly cache add   spec: '>=1.0.6 <2.0.0',
317 silly cache add   type: 'range' }
318 silly addNamed pvtsutils@>=1.0.6 <2.0.0
319 verbose addNamed ">=1.0.6 <2.0.0" is a valid semver range for pvtsutils
320 silly addNameRange { name: 'pvtsutils', range: '>=1.0.6 <2.0.0', hasData: false }
321 silly mapToRegistry name pvtsutils
322 silly mapToRegistry using default registry
323 silly mapToRegistry registry https://registry.npmjs.org/
324 silly mapToRegistry uri https://registry.npmjs.org/pvtsutils
325 verbose addNameRange registry:https://registry.npmjs.org/pvtsutils not in flight; fetching
326 verbose get https://registry.npmjs.org/webcrypto-core not expired, no request
327 silly addNameRange number 2 { name: 'webcrypto-core',
327 silly addNameRange   range: '>=1.0.14 <2.0.0',
327 silly addNameRange   hasData: true }
328 silly addNameRange versions [ 'webcrypto-core',
328 silly addNameRange   [ '0.1.0',
328 silly addNameRange     '0.1.2',
328 silly addNameRange     '0.1.3',
328 silly addNameRange     '0.1.4',
328 silly addNameRange     '0.1.5',
328 silly addNameRange     '0.1.6',
328 silly addNameRange     '0.1.7',
328 silly addNameRange     '0.1.8',
328 silly addNameRange     '0.1.9',
328 silly addNameRange     '0.1.10',
328 silly addNameRange     '0.1.11',
328 silly addNameRange     '0.1.12',
328 silly addNameRange     '0.1.13',
328 silly addNameRange     '0.1.14',
328 silly addNameRange     '0.1.15',
328 silly addNameRange     '0.1.16',
328 silly addNameRange     '0.1.17',
328 silly addNameRange     '0.1.18',
328 silly addNameRange     '0.1.19',
328 silly addNameRange     '0.1.20',
328 silly addNameRange     '0.1.21',
328 silly addNameRange     '0.1.22',
328 silly addNameRange     '0.1.24',
328 silly addNameRange     '0.1.25',
328 silly addNameRange     '0.1.26',
328 silly addNameRange     '1.0.1',
328 silly addNameRange     '1.0.2',
328 silly addNameRange     '1.0.3',
328 silly addNameRange     '1.0.4',
328 silly addNameRange     '1.0.5',
328 silly addNameRange     '1.0.6',
328 silly addNameRange     '1.0.7',
328 silly addNameRange     '1.0.8',
328 silly addNameRange     '1.0.9',
328 silly addNameRange     '1.0.10',
328 silly addNameRange     '1.0.11',
328 silly addNameRange     '1.0.12',
328 silly addNameRange     '1.0.13',
328 silly addNameRange     '1.0.14' ] ]
329 silly addNamed webcrypto-core@1.0.14
330 verbose addNamed "1.0.14" is a plain semver version for webcrypto-core
331 verbose get https://registry.npmjs.org/asn1js not expired, no request
332 silly addNameRange number 2 { name: 'asn1js', range: '>=2.0.26 <3.0.0', hasData: true }
333 silly addNameRange versions [ 'asn1js',
333 silly addNameRange   [ '1.0.1',
333 silly addNameRange     '1.0.2',
333 silly addNameRange     '1.2.2',
333 silly addNameRange     '1.2.3',
333 silly addNameRange     '1.2.4',
333 silly addNameRange     '1.2.8',
333 silly addNameRange     '1.2.9',
333 silly addNameRange     '1.2.10',
333 silly addNameRange     '1.2.11',
333 silly addNameRange     '1.2.12',
333 silly addNameRange     '2.0.10',
333 silly addNameRange     '2.0.12',
333 silly addNameRange     '2.0.13',
333 silly addNameRange     '2.0.14',
333 silly addNameRange     '2.0.15',
333 silly addNameRange     '2.0.16',
333 silly addNameRange     '2.0.17',
333 silly addNameRange     '2.0.18',
333 silly addNameRange     '2.0.19',
333 silly addNameRange     '2.0.20',
333 silly addNameRange     '2.0.21',
333 silly addNameRange     '2.0.22',
333 silly addNameRange     '2.0.24',
333 silly addNameRange     '2.0.25',
333 silly addNameRange     '2.0.26' ] ]
334 silly addNamed asn1js@2.0.26
335 verbose addNamed "2.0.26" is a plain semver version for asn1js
336 verbose get https://registry.npmjs.org/pvtsutils not expired, no request
337 silly addNameRange number 2 { name: 'pvtsutils', range: '>=1.0.6 <2.0.0', hasData: true }
338 silly addNameRange versions [ 'pvtsutils',
338 silly addNameRange   [ '1.0.1', '1.0.2', '1.0.3', '1.0.4', '1.0.5', '1.0.6' ] ]
339 silly addNamed pvtsutils@1.0.6
340 verbose addNamed "1.0.6" is a plain semver version for pvtsutils
341 silly cache afterAdd webcrypto-core@1.0.14
342 verbose afterAdd /home/wafaaismail/.npm/webcrypto-core/1.0.14/package/package.json not in flight; writing
343 verbose afterAdd /home/wafaaismail/.npm/webcrypto-core/1.0.14/package/package.json written
344 silly cache afterAdd asn1js@2.0.26
345 verbose afterAdd /home/wafaaismail/.npm/asn1js/2.0.26/package/package.json not in flight; writing
346 silly cache afterAdd pvtsutils@1.0.6
347 verbose afterAdd /home/wafaaismail/.npm/pvtsutils/1.0.6/package/package.json not in flight; writing
348 verbose afterAdd /home/wafaaismail/.npm/asn1js/2.0.26/package/package.json written
349 verbose afterAdd /home/wafaaismail/.npm/pvtsutils/1.0.6/package/package.json written
350 http 304 https://registry.npmjs.org/tslib
351 verbose headers { date: 'Wed, 04 Dec 2019 10:27:31 GMT',
351 verbose headers   connection: 'keep-alive',
351 verbose headers   'set-cookie':
351 verbose headers    [ '__cfduid=d5fd280ad90252ec411cc534da7a8c19a1575455251; expires=Fri, 03-Jan-20 10:27:31 GMT; path=/; domain=.npmjs.org; HttpOnly' ],
351 verbose headers   'cf-ray': '53fd169b1868e930-MRS',
351 verbose headers   'cf-cache-status': 'HIT',
351 verbose headers   'cache-control': 'public, max-age=300',
351 verbose headers   age: '3058',
351 verbose headers   etag: '"651a05df85aa358d3be841dbac24ac48"',
351 verbose headers   'last-modified': 'Fri, 29 Nov 2019 09:32:44 GMT',
351 verbose headers   vary: 'Accept-Encoding',
351 verbose headers   'expect-ct': 'max-age=604800, report-uri="https://report-uri.cloudflare.com/cdn-cgi/beacon/expect-ct"',
351 verbose headers   server: 'cloudflare' }
352 silly get cb [ 304,
352 silly get   { date: 'Wed, 04 Dec 2019 10:27:31 GMT',
352 silly get     connection: 'keep-alive',
352 silly get     'set-cookie':
352 silly get      [ '__cfduid=d5fd280ad90252ec411cc534da7a8c19a1575455251; expires=Fri, 03-Jan-20 10:27:31 GMT; path=/; domain=.npmjs.org; HttpOnly' ],
352 silly get     'cf-ray': '53fd169b1868e930-MRS',
352 silly get     'cf-cache-status': 'HIT',
352 silly get     'cache-control': 'public, max-age=300',
352 silly get     age: '3058',
352 silly get     etag: '"651a05df85aa358d3be841dbac24ac48"',
352 silly get     'last-modified': 'Fri, 29 Nov 2019 09:32:44 GMT',
352 silly get     vary: 'Accept-Encoding',
352 silly get     'expect-ct': 'max-age=604800, report-uri="https://report-uri.cloudflare.com/cdn-cgi/beacon/expect-ct"',
352 silly get     server: 'cloudflare' } ]
353 verbose etag https://registry.npmjs.org/tslib from cache
354 verbose get saving tslib to /home/wafaaismail/.npm/registry.npmjs.org/tslib/.cache.json
355 silly resolveWithNewModule tslib@1.10.0 checking installable status
356 silly cache add args [ 'tslib@^1.10.0', null ]
357 verbose cache add spec tslib@^1.10.0
358 silly cache add parsed spec Result {
358 silly cache add   raw: 'tslib@^1.10.0',
358 silly cache add   scope: null,
358 silly cache add   name: 'tslib',
358 silly cache add   rawSpec: '^1.10.0',
358 silly cache add   spec: '>=1.10.0 <2.0.0',
358 silly cache add   type: 'range' }
359 silly addNamed tslib@>=1.10.0 <2.0.0
360 verbose addNamed ">=1.10.0 <2.0.0" is a valid semver range for tslib
361 silly addNameRange { name: 'tslib', range: '>=1.10.0 <2.0.0', hasData: false }
362 silly mapToRegistry name tslib
363 silly mapToRegistry using default registry
364 silly mapToRegistry registry https://registry.npmjs.org/
365 silly mapToRegistry uri https://registry.npmjs.org/tslib
366 verbose addNameRange registry:https://registry.npmjs.org/tslib not in flight; fetching
367 verbose get https://registry.npmjs.org/tslib not expired, no request
368 silly addNameRange number 2 { name: 'tslib', range: '>=1.10.0 <2.0.0', hasData: true }
369 silly addNameRange versions [ 'tslib',
369 silly addNameRange   [ '0.0.1-security',
369 silly addNameRange     '1.0.0',
369 silly addNameRange     '1.1.0',
369 silly addNameRange     '1.2.0',
369 silly addNameRange     '1.3.0',
369 silly addNameRange     '1.4.0',
369 silly addNameRange     '1.5.0',
369 silly addNameRange     '1.6.0',
369 silly addNameRange     '1.6.1',
369 silly addNameRange     '1.7.0',
369 silly addNameRange     '1.7.1',
369 silly addNameRange     '1.8.0',
369 silly addNameRange     '1.8.1',
369 silly addNameRange     '1.9.0',
369 silly addNameRange     '1.9.1',
369 silly addNameRange     '1.9.2',
369 silly addNameRange     '1.9.3',
369 silly addNameRange     '1.10.0' ] ]
370 silly addNamed tslib@1.10.0
371 verbose addNamed "1.10.0" is a plain semver version for tslib
372 silly cache afterAdd tslib@1.10.0
373 verbose afterAdd /home/wafaaismail/.npm/tslib/1.10.0/package/package.json not in flight; writing
374 verbose afterAdd /home/wafaaismail/.npm/tslib/1.10.0/package/package.json written
375 http 304 https://registry.npmjs.org/@peculiar%2fasn1-schema
376 verbose headers { date: 'Wed, 04 Dec 2019 10:27:32 GMT',
376 verbose headers   connection: 'keep-alive',
376 verbose headers   'set-cookie':
376 verbose headers    [ '__cfduid=d5f56c6d8d0faef7f03f7382de3fd45511575455251; expires=Fri, 03-Jan-20 10:27:31 GMT; path=/; domain=.npmjs.org; HttpOnly' ],
376 verbose headers   'cf-ray': '53fd16997926e914-MRS',
376 verbose headers   'cf-cache-status': 'HIT',
376 verbose headers   'cache-control': 'public, max-age=300',
376 verbose headers   age: '5752',
376 verbose headers   etag: '"0fbc1ac609f601e034d6f739f18739c8"',
376 verbose headers   'last-modified': 'Wed, 20 Mar 2019 13:05:46 GMT',
376 verbose headers   vary: 'Accept-Encoding',
376 verbose headers   'expect-ct': 'max-age=604800, report-uri="https://report-uri.cloudflare.com/cdn-cgi/beacon/expect-ct"',
376 verbose headers   server: 'cloudflare' }
377 silly get cb [ 304,
377 silly get   { date: 'Wed, 04 Dec 2019 10:27:32 GMT',
377 silly get     connection: 'keep-alive',
377 silly get     'set-cookie':
377 silly get      [ '__cfduid=d5f56c6d8d0faef7f03f7382de3fd45511575455251; expires=Fri, 03-Jan-20 10:27:31 GMT; path=/; domain=.npmjs.org; HttpOnly' ],
377 silly get     'cf-ray': '53fd16997926e914-MRS',
377 silly get     'cf-cache-status': 'HIT',
377 silly get     'cache-control': 'public, max-age=300',
377 silly get     age: '5752',
377 silly get     etag: '"0fbc1ac609f601e034d6f739f18739c8"',
377 silly get     'last-modified': 'Wed, 20 Mar 2019 13:05:46 GMT',
377 silly get     vary: 'Accept-Encoding',
377 silly get     'expect-ct': 'max-age=604800, report-uri="https://report-uri.cloudflare.com/cdn-cgi/beacon/expect-ct"',
377 silly get     server: 'cloudflare' } ]
378 verbose etag https://registry.npmjs.org/@peculiar%2fasn1-schema from cache
379 verbose get saving @peculiar/asn1-schema to /home/wafaaismail/.npm/registry.npmjs.org/_40peculiar_252fasn1-schema/.cache.json
380 silly resolveWithNewModule @peculiar/asn1-schema@1.0.3 checking installable status
381 silly cache add args [ '@peculiar/asn1-schema@^1.0.3', null ]
382 verbose cache add spec @peculiar/asn1-schema@^1.0.3
383 silly cache add parsed spec Result {
383 silly cache add   raw: '@peculiar/asn1-schema@^1.0.3',
383 silly cache add   scope: '@peculiar',
383 silly cache add   name: '@peculiar/asn1-schema',
383 silly cache add   rawSpec: '^1.0.3',
383 silly cache add   spec: '>=1.0.3 <2.0.0',
383 silly cache add   type: 'range' }
384 silly addNamed @peculiar/asn1-schema@>=1.0.3 <2.0.0
385 verbose addNamed ">=1.0.3 <2.0.0" is a valid semver range for @peculiar/asn1-schema
386 silly addNameRange { name: '@peculiar/asn1-schema',
386 silly addNameRange   range: '>=1.0.3 <2.0.0',
386 silly addNameRange   hasData: false }
387 silly mapToRegistry name @peculiar/asn1-schema
388 silly mapToRegistry scope (from package name) @peculiar
389 verbose mapToRegistry no registry URL found in name for scope @peculiar
390 silly mapToRegistry using default registry
391 silly mapToRegistry registry https://registry.npmjs.org/
392 silly mapToRegistry uri https://registry.npmjs.org/@peculiar%2fasn1-schema
393 verbose addNameRange registry:https://registry.npmjs.org/@peculiar%2fasn1-schema not in flight; fetching
394 verbose get https://registry.npmjs.org/@peculiar%2fasn1-schema not expired, no request
395 silly addNameRange number 2 { name: '@peculiar/asn1-schema',
395 silly addNameRange   range: '>=1.0.3 <2.0.0',
395 silly addNameRange   hasData: true }
396 silly addNameRange versions [ '@peculiar/asn1-schema', [ '1.0.1', '1.0.2', '1.0.3' ] ]
397 silly addNamed @peculiar/asn1-schema@1.0.3
398 verbose addNamed "1.0.3" is a plain semver version for @peculiar/asn1-schema
399 silly cache afterAdd @peculiar/asn1-schema@1.0.3
400 verbose afterAdd /home/wafaaismail/.npm/@peculiar/asn1-schema/1.0.3/package/package.json not in flight; writing
401 verbose afterAdd /home/wafaaismail/.npm/@peculiar/asn1-schema/1.0.3/package/package.json written
402 http 304 https://registry.npmjs.org/@peculiar%2fjson-schema
403 verbose headers { date: 'Wed, 04 Dec 2019 10:27:32 GMT',
403 verbose headers   connection: 'keep-alive',
403 verbose headers   'set-cookie':
403 verbose headers    [ '__cfduid=de7571d31cf23252d3bb9c9db2643323f1575455251; expires=Fri, 03-Jan-20 10:27:31 GMT; path=/; domain=.npmjs.org; HttpOnly' ],
403 verbose headers   'cf-ray': '53fd169a9e68d789-MRS',
403 verbose headers   'cf-cache-status': 'HIT',
403 verbose headers   'cache-control': 'public, max-age=300',
403 verbose headers   age: '7083',
403 verbose headers   etag: '"489ef2036767594f75900c9178209c8d"',
403 verbose headers   'last-modified': 'Sat, 09 Nov 2019 10:38:18 GMT',
403 verbose headers   vary: 'Accept-Encoding',
403 verbose headers   'expect-ct': 'max-age=604800, report-uri="https://report-uri.cloudflare.com/cdn-cgi/beacon/expect-ct"',
403 verbose headers   server: 'cloudflare' }
404 silly get cb [ 304,
404 silly get   { date: 'Wed, 04 Dec 2019 10:27:32 GMT',
404 silly get     connection: 'keep-alive',
404 silly get     'set-cookie':
404 silly get      [ '__cfduid=de7571d31cf23252d3bb9c9db2643323f1575455251; expires=Fri, 03-Jan-20 10:27:31 GMT; path=/; domain=.npmjs.org; HttpOnly' ],
404 silly get     'cf-ray': '53fd169a9e68d789-MRS',
404 silly get     'cf-cache-status': 'HIT',
404 silly get     'cache-control': 'public, max-age=300',
404 silly get     age: '7083',
404 silly get     etag: '"489ef2036767594f75900c9178209c8d"',
404 silly get     'last-modified': 'Sat, 09 Nov 2019 10:38:18 GMT',
404 silly get     vary: 'Accept-Encoding',
404 silly get     'expect-ct': 'max-age=604800, report-uri="https://report-uri.cloudflare.com/cdn-cgi/beacon/expect-ct"',
404 silly get     server: 'cloudflare' } ]
405 verbose etag https://registry.npmjs.org/@peculiar%2fjson-schema from cache
406 verbose get saving @peculiar/json-schema to /home/wafaaismail/.npm/registry.npmjs.org/_40peculiar_252fjson-schema/.cache.json
407 silly resolveWithNewModule @peculiar/json-schema@1.1.6 checking installable status
408 silly cache add args [ '@peculiar/json-schema@^1.1.5', null ]
409 verbose cache add spec @peculiar/json-schema@^1.1.5
410 silly cache add parsed spec Result {
410 silly cache add   raw: '@peculiar/json-schema@^1.1.5',
410 silly cache add   scope: '@peculiar',
410 silly cache add   name: '@peculiar/json-schema',
410 silly cache add   rawSpec: '^1.1.5',
410 silly cache add   spec: '>=1.1.5 <2.0.0',
410 silly cache add   type: 'range' }
411 silly addNamed @peculiar/json-schema@>=1.1.5 <2.0.0
412 verbose addNamed ">=1.1.5 <2.0.0" is a valid semver range for @peculiar/json-schema
413 silly addNameRange { name: '@peculiar/json-schema',
413 silly addNameRange   range: '>=1.1.5 <2.0.0',
413 silly addNameRange   hasData: false }
414 silly mapToRegistry name @peculiar/json-schema
415 silly mapToRegistry scope (from package name) @peculiar
416 verbose mapToRegistry no registry URL found in name for scope @peculiar
417 silly mapToRegistry using default registry
418 silly mapToRegistry registry https://registry.npmjs.org/
419 silly mapToRegistry uri https://registry.npmjs.org/@peculiar%2fjson-schema
420 verbose addNameRange registry:https://registry.npmjs.org/@peculiar%2fjson-schema not in flight; fetching
421 verbose get https://registry.npmjs.org/@peculiar%2fjson-schema not expired, no request
422 silly addNameRange number 2 { name: '@peculiar/json-schema',
422 silly addNameRange   range: '>=1.1.5 <2.0.0',
422 silly addNameRange   hasData: true }
423 silly addNameRange versions [ '@peculiar/json-schema',
423 silly addNameRange   [ '1.0.2',
423 silly addNameRange     '1.0.5',
423 silly addNameRange     '1.0.6',
423 silly addNameRange     '1.0.7',
423 silly addNameRange     '1.1.1',
423 silly addNameRange     '1.1.2',
423 silly addNameRange     '1.1.3',
423 silly addNameRange     '1.1.4',
423 silly addNameRange     '1.1.5',
423 silly addNameRange     '1.1.6' ] ]
424 silly addNamed @peculiar/json-schema@1.1.6
425 verbose addNamed "1.1.6" is a plain semver version for @peculiar/json-schema
426 silly cache afterAdd @peculiar/json-schema@1.1.6
427 verbose afterAdd /home/wafaaismail/.npm/@peculiar/json-schema/1.1.6/package/package.json not in flight; writing
428 verbose afterAdd /home/wafaaismail/.npm/@peculiar/json-schema/1.1.6/package/package.json written
429 silly fetchNamedPackageData pvutils
430 silly mapToRegistry name pvutils
431 silly mapToRegistry using default registry
432 silly mapToRegistry registry https://registry.npmjs.org/
433 silly mapToRegistry uri https://registry.npmjs.org/pvutils
434 verbose request uri https://registry.npmjs.org/pvutils
435 verbose request no auth needed
436 info attempt registry request try #1 at 12:27:32 PM
437 verbose etag W/"7260022e88a93465bd75ac7970b66683"
438 verbose lastModified Sun, 24 Feb 2019 04:18:32 GMT
439 http request GET https://registry.npmjs.org/pvutils
440 http 304 https://registry.npmjs.org/pvutils
441 verbose headers { date: 'Wed, 04 Dec 2019 10:27:32 GMT',
441 verbose headers   connection: 'keep-alive',
441 verbose headers   'set-cookie':
441 verbose headers    [ '__cfduid=d900ca9d5405606f0861bf96ad5e394571575455252; expires=Fri, 03-Jan-20 10:27:32 GMT; path=/; domain=.npmjs.org; HttpOnly' ],
441 verbose headers   'cf-ray': '53fd16a2acdbe918-MRS',
441 verbose headers   'cf-cache-status': 'HIT',
441 verbose headers   'cache-control': 'public, max-age=300',
441 verbose headers   age: '7082',
441 verbose headers   etag: '"7260022e88a93465bd75ac7970b66683"',
441 verbose headers   'last-modified': 'Sun, 24 Feb 2019 04:18:32 GMT',
441 verbose headers   vary: 'Accept-Encoding',
441 verbose headers   'expect-ct': 'max-age=604800, report-uri="https://report-uri.cloudflare.com/cdn-cgi/beacon/expect-ct"',
441 verbose headers   server: 'cloudflare' }
442 silly get cb [ 304,
442 silly get   { date: 'Wed, 04 Dec 2019 10:27:32 GMT',
442 silly get     connection: 'keep-alive',
442 silly get     'set-cookie':
442 silly get      [ '__cfduid=d900ca9d5405606f0861bf96ad5e394571575455252; expires=Fri, 03-Jan-20 10:27:32 GMT; path=/; domain=.npmjs.org; HttpOnly' ],
442 silly get     'cf-ray': '53fd16a2acdbe918-MRS',
442 silly get     'cf-cache-status': 'HIT',
442 silly get     'cache-control': 'public, max-age=300',
442 silly get     age: '7082',
442 silly get     etag: '"7260022e88a93465bd75ac7970b66683"',
442 silly get     'last-modified': 'Sun, 24 Feb 2019 04:18:32 GMT',
442 silly get     vary: 'Accept-Encoding',
442 silly get     'expect-ct': 'max-age=604800, report-uri="https://report-uri.cloudflare.com/cdn-cgi/beacon/expect-ct"',
442 silly get     server: 'cloudflare' } ]
443 verbose etag https://registry.npmjs.org/pvutils from cache
444 verbose get saving pvutils to /home/wafaaismail/.npm/registry.npmjs.org/pvutils/.cache.json
445 silly resolveWithNewModule pvutils@1.0.17 checking installable status
446 silly cache add args [ 'pvutils@latest', null ]
447 verbose cache add spec pvutils@latest
448 silly cache add parsed spec Result {
448 silly cache add   raw: 'pvutils@latest',
448 silly cache add   scope: null,
448 silly cache add   name: 'pvutils',
448 silly cache add   rawSpec: 'latest',
448 silly cache add   spec: 'latest',
448 silly cache add   type: 'tag' }
449 silly addNamed pvutils@latest
450 verbose addNamed "latest" is being treated as a dist-tag for pvutils
451 info addNameTag [ 'pvutils', 'latest' ]
452 silly mapToRegistry name pvutils
453 silly mapToRegistry using default registry
454 silly mapToRegistry registry https://registry.npmjs.org/
455 silly mapToRegistry uri https://registry.npmjs.org/pvutils
456 verbose addNameTag registry:https://registry.npmjs.org/pvutils not in flight; fetching
457 verbose get https://registry.npmjs.org/pvutils not expired, no request
458 silly addNameTag next cb for pvutils with tag latest
459 silly addNamed pvutils@1.0.17
460 verbose addNamed "1.0.17" is a plain semver version for pvutils
461 silly cache afterAdd pvutils@1.0.17
462 verbose afterAdd /home/wafaaismail/.npm/pvutils/1.0.17/package/package.json not in flight; writing
463 verbose afterAdd /home/wafaaismail/.npm/pvutils/1.0.17/package/package.json written
464 silly fetchNamedPackageData @types/node
465 silly mapToRegistry name @types/node
466 silly mapToRegistry scope (from package name) @types
467 verbose mapToRegistry no registry URL found in name for scope @types
468 silly mapToRegistry using default registry
469 silly mapToRegistry registry https://registry.npmjs.org/
470 silly mapToRegistry uri https://registry.npmjs.org/@types%2fnode
471 verbose request uri https://registry.npmjs.org/@types%2fnode
472 verbose request no auth needed
473 info attempt registry request try #1 at 12:27:33 PM
474 verbose etag W/"002f76d0ed14c8c4cea680bd150c8906"
475 verbose lastModified Mon, 25 Nov 2019 22:59:23 GMT
476 http request GET https://registry.npmjs.org/@types%2fnode
477 http 304 https://registry.npmjs.org/@types%2fnode
478 verbose headers { date: 'Wed, 04 Dec 2019 10:27:33 GMT',
478 verbose headers   connection: 'keep-alive',
478 verbose headers   'set-cookie':
478 verbose headers    [ '__cfduid=dfc011bf32ea54c110cef109a0db1d5cf1575455253; expires=Fri, 03-Jan-20 10:27:33 GMT; path=/; domain=.npmjs.org; HttpOnly' ],
478 verbose headers   'cf-ray': '53fd16a65e6ed781-MRS',
478 verbose headers   'cf-cache-status': 'HIT',
478 verbose headers   'cache-control': 'public, max-age=300',
478 verbose headers   age: '6806',
478 verbose headers   etag: '"002f76d0ed14c8c4cea680bd150c8906"',
478 verbose headers   'last-modified': 'Mon, 25 Nov 2019 22:59:23 GMT',
478 verbose headers   vary: 'Accept-Encoding',
478 verbose headers   'expect-ct': 'max-age=604800, report-uri="https://report-uri.cloudflare.com/cdn-cgi/beacon/expect-ct"',
478 verbose headers   server: 'cloudflare' }
479 silly get cb [ 304,
479 silly get   { date: 'Wed, 04 Dec 2019 10:27:33 GMT',
479 silly get     connection: 'keep-alive',
479 silly get     'set-cookie':
479 silly get      [ '__cfduid=dfc011bf32ea54c110cef109a0db1d5cf1575455253; expires=Fri, 03-Jan-20 10:27:33 GMT; path=/; domain=.npmjs.org; HttpOnly' ],
479 silly get     'cf-ray': '53fd16a65e6ed781-MRS',
479 silly get     'cf-cache-status': 'HIT',
479 silly get     'cache-control': 'public, max-age=300',
479 silly get     age: '6806',
479 silly get     etag: '"002f76d0ed14c8c4cea680bd150c8906"',
479 silly get     'last-modified': 'Mon, 25 Nov 2019 22:59:23 GMT',
479 silly get     vary: 'Accept-Encoding',
479 silly get     'expect-ct': 'max-age=604800, report-uri="https://report-uri.cloudflare.com/cdn-cgi/beacon/expect-ct"',
479 silly get     server: 'cloudflare' } ]
480 verbose etag https://registry.npmjs.org/@types%2fnode from cache
481 verbose get saving @types/node to /home/wafaaismail/.npm/registry.npmjs.org/_40types_252fnode/.cache.json
482 silly resolveWithNewModule @types/node@10.17.6 checking installable status
483 silly cache add args [ '@types/node@^10.14.17', null ]
484 verbose cache add spec @types/node@^10.14.17
485 silly cache add parsed spec Result {
485 silly cache add   raw: '@types/node@^10.14.17',
485 silly cache add   scope: '@types',
485 silly cache add   name: '@types/node',
485 silly cache add   rawSpec: '^10.14.17',
485 silly cache add   spec: '>=10.14.17 <11.0.0',
485 silly cache add   type: 'range' }
486 silly addNamed @types/node@>=10.14.17 <11.0.0
487 verbose addNamed ">=10.14.17 <11.0.0" is a valid semver range for @types/node
488 silly addNameRange { name: '@types/node',
488 silly addNameRange   range: '>=10.14.17 <11.0.0',
488 silly addNameRange   hasData: false }
489 silly mapToRegistry name @types/node
490 silly mapToRegistry scope (from package name) @types
491 verbose mapToRegistry no registry URL found in name for scope @types
492 silly mapToRegistry using default registry
493 silly mapToRegistry registry https://registry.npmjs.org/
494 silly mapToRegistry uri https://registry.npmjs.org/@types%2fnode
495 verbose addNameRange registry:https://registry.npmjs.org/@types%2fnode not in flight; fetching
496 verbose get https://registry.npmjs.org/@types%2fnode not expired, no request
497 silly addNameRange number 2 { name: '@types/node',
497 silly addNameRange   range: '>=10.14.17 <11.0.0',
497 silly addNameRange   hasData: true }
498 silly addNameRange versions [ '@types/node',
498 silly addNameRange   [ '4.0.15-alpha',
498 silly addNameRange     '4.0.16-alpha',
498 silly addNameRange     '4.0.21-alpha',
498 silly addNameRange     '4.0.22-alpha',
498 silly addNameRange     '4.0.23-alpha',
498 silly addNameRange     '4.0.24-alpha',
498 silly addNameRange     '4.0.25-alpha',
498 silly addNameRange     '4.0.26-alpha',
498 silly addNameRange     '4.0.27-alpha',
498 silly addNameRange     '4.0.28-alpha',
498 silly addNameRange     '4.0.29',
498 silly addNameRange     '4.0.30',
498 silly addNameRange     '6.0.31',
498 silly addNameRange     '6.0.32',
498 silly addNameRange     '6.0.33',
498 silly addNameRange     '6.0.34',
498 silly addNameRange     '6.0.35',
498 silly addNameRange     '6.0.36',
498 silly addNameRange     '6.0.37',
498 silly addNameRange     '6.0.38',
498 silly addNameRange     '6.0.39',
498 silly addNameRange     '6.0.40',
498 silly addNameRange     '6.0.41',
498 silly addNameRange     '6.0.42',
498 silly addNameRange     '6.0.43',
498 silly addNameRange     '6.0.44',
498 silly addNameRange     '6.0.45',
498 silly addNameRange     '6.0.46',
498 silly addNameRange     '6.0.47',
498 silly addNameRange     '6.0.48',
498 silly addNameRange     '6.0.49',
498 silly addNameRange     '6.0.50',
498 silly addNameRange     '6.0.51',
498 silly addNameRange     '0.0.0',
498 silly addNameRange     '0.0.1',
498 silly addNameRange     '0.0.2',
498 silly addNameRange     '0.0.3',
498 silly addNameRange     '6.0.52',
498 silly addNameRange     '6.0.53',
498 silly addNameRange     '6.0.54',
498 silly addNameRange     '6.0.55',
498 silly addNameRange     '6.0.56',
498 silly addNameRange     '6.0.57',
498 silly addNameRange     '6.0.58',
498 silly addNameRange     '6.0.59',
498 silly addNameRange     '4.2.0',
498 silly addNameRange     '0.12.0',
498 silly addNameRange     '7.0.0',
498 silly addNameRange     '6.0.60',
498 silly addNameRange     '7.0.1',
498 silly addNameRange     '6.0.61',
498 silly addNameRange     '7.0.2',
498 silly addNameRange     '7.0.3',
498 silly addNameRange     '7.0.4',
498 silly addNameRange     '4.2.1',
498 silly addNameRange     '6.0.62',
498 silly addNameRange     '7.0.5',
498 silly addNameRange     '6.0.63',
498 silly addNameRange     '4.2.2',
498 silly addNameRange     '0.12.1',
498 silly addNameRange     '4.2.3',
498 silly addNameRange     '6.0.64',
498 silly addNameRange     '7.0.6',
498 silly addNameRange     '6.0.65',
498 silly addNameRange     '7.0.7',
498 silly addNameRange     '7.0.8',
498 silly addNameRange     '4.2.4',
498 silly addNameRange     '0.12.2',
498 silly addNameRange     '6.0.66',
498 silly addNameRange     '7.0.9',
498 silly addNameRange     '7.0.10',
498 silly addNameRange     '7.0.11',
498 silly addNameRange     '6.0.67',
498 silly addNameRange     '6.0.68',
498 silly addNameRange     '7.0.12',
498 silly addNameRange     '4.2.5',
498 silly addNameRange     '0.12.3',
498 silly addNameRange     '6.0.69',
498 silly addNameRange     '0.12.4',
498 silly addNameRange     '4.2.6',
498 silly addNameRange     '6.0.70',
498 silly addNameRange     '7.0.13',
498 silly addNameRange     '7.0.14',
498 silly addNameRange     '6.0.71',
498 silly addNameRange     '7.0.15',
498 silly addNameRange     '4.2.7',
498 silly addNameRange     '6.0.72',
498 silly addNameRange     '7.0.16',
498 silly addNameRange     '7.0.17',
498 silly addNameRange     '7.0.18',
498 silly addNameRange     '4.2.8',
498 silly addNameRange     '6.0.73',
498 silly addNameRange     '7.0.19',
498 silly addNameRange     '7.0.20',
498 silly addNameRange     '7.0.21',
498 silly addNameRange     '7.0.22',
498 silly addNameRange     '6.0.74',
498 silly addNameRange     '7.0.23',
498 silly addNameRange     '7.0.24',
498 silly addNameRange     '6.0.75',
498 silly addNameRange     ... 597 more items ] ]
499 silly addNamed @types/node@10.17.6
500 verbose addNamed "10.17.6" is a plain semver version for @types/node
501 silly cache afterAdd @types/node@10.17.6
502 verbose afterAdd /home/wafaaismail/.npm/@types/node/10.17.6/package/package.json not in flight; writing
503 verbose afterAdd /home/wafaaismail/.npm/@types/node/10.17.6/package/package.json written
504 silly fetchNamedPackageData addressparser
505 silly mapToRegistry name addressparser
506 silly mapToRegistry using default registry
507 silly mapToRegistry registry https://registry.npmjs.org/
508 silly mapToRegistry uri https://registry.npmjs.org/addressparser
509 silly fetchNamedPackageData emailjs-mime-codec
510 silly mapToRegistry name emailjs-mime-codec
511 silly mapToRegistry using default registry
512 silly mapToRegistry registry https://registry.npmjs.org/
513 silly mapToRegistry uri https://registry.npmjs.org/emailjs-mime-codec
514 verbose request uri https://registry.npmjs.org/emailjs-mime-codec
515 verbose request no auth needed
516 info attempt registry request try #1 at 12:27:34 PM
517 verbose etag W/"ddaadce6cd0cd76f5d4ee0ac05f3f7aa"
518 verbose lastModified Sun, 09 Jun 2019 15:04:43 GMT
519 http request GET https://registry.npmjs.org/emailjs-mime-codec
520 verbose request uri https://registry.npmjs.org/addressparser
521 verbose request no auth needed
522 info attempt registry request try #1 at 12:27:34 PM
523 verbose etag W/"5dd37d441a295fe616108aae5aaeceff"
524 verbose lastModified Sat, 26 May 2018 16:11:36 GMT
525 http request GET https://registry.npmjs.org/addressparser
526 http 304 https://registry.npmjs.org/emailjs-mime-codec
527 verbose headers { date: 'Wed, 04 Dec 2019 10:27:34 GMT',
527 verbose headers   connection: 'keep-alive',
527 verbose headers   'set-cookie':
527 verbose headers    [ '__cfduid=d993e05d8465dcb62716e41f6b05e88851575455254; expires=Fri, 03-Jan-20 10:27:34 GMT; path=/; domain=.npmjs.org; HttpOnly' ],
527 verbose headers   'cf-ray': '53fd16ab4908d779-MRS',
527 verbose headers   'cf-cache-status': 'HIT',
527 verbose headers   'cache-control': 'public, max-age=300',
527 verbose headers   age: '6036',
527 verbose headers   etag: '"ddaadce6cd0cd76f5d4ee0ac05f3f7aa"',
527 verbose headers   'last-modified': 'Sun, 09 Jun 2019 15:04:43 GMT',
527 verbose headers   vary: 'Accept-Encoding',
527 verbose headers   'expect-ct': 'max-age=604800, report-uri="https://report-uri.cloudflare.com/cdn-cgi/beacon/expect-ct"',
527 verbose headers   server: 'cloudflare' }
528 silly get cb [ 304,
528 silly get   { date: 'Wed, 04 Dec 2019 10:27:34 GMT',
528 silly get     connection: 'keep-alive',
528 silly get     'set-cookie':
528 silly get      [ '__cfduid=d993e05d8465dcb62716e41f6b05e88851575455254; expires=Fri, 03-Jan-20 10:27:34 GMT; path=/; domain=.npmjs.org; HttpOnly' ],
528 silly get     'cf-ray': '53fd16ab4908d779-MRS',
528 silly get     'cf-cache-status': 'HIT',
528 silly get     'cache-control': 'public, max-age=300',
528 silly get     age: '6036',
528 silly get     etag: '"ddaadce6cd0cd76f5d4ee0ac05f3f7aa"',
528 silly get     'last-modified': 'Sun, 09 Jun 2019 15:04:43 GMT',
528 silly get     vary: 'Accept-Encoding',
528 silly get     'expect-ct': 'max-age=604800, report-uri="https://report-uri.cloudflare.com/cdn-cgi/beacon/expect-ct"',
528 silly get     server: 'cloudflare' } ]
529 verbose etag https://registry.npmjs.org/emailjs-mime-codec from cache
530 verbose get saving emailjs-mime-codec to /home/wafaaismail/.npm/registry.npmjs.org/emailjs-mime-codec/.cache.json
531 silly resolveWithNewModule emailjs-mime-codec@2.0.9 checking installable status
532 silly cache add args [ 'emailjs-mime-codec@^2.0.7', null ]
533 verbose cache add spec emailjs-mime-codec@^2.0.7
534 silly cache add parsed spec Result {
534 silly cache add   raw: 'emailjs-mime-codec@^2.0.7',
534 silly cache add   scope: null,
534 silly cache add   name: 'emailjs-mime-codec',
534 silly cache add   rawSpec: '^2.0.7',
534 silly cache add   spec: '>=2.0.7 <3.0.0',
534 silly cache add   type: 'range' }
535 silly addNamed emailjs-mime-codec@>=2.0.7 <3.0.0
536 verbose addNamed ">=2.0.7 <3.0.0" is a valid semver range for emailjs-mime-codec
537 silly addNameRange { name: 'emailjs-mime-codec',
537 silly addNameRange   range: '>=2.0.7 <3.0.0',
537 silly addNameRange   hasData: false }
538 silly mapToRegistry name emailjs-mime-codec
539 silly mapToRegistry using default registry
540 silly mapToRegistry registry https://registry.npmjs.org/
541 silly mapToRegistry uri https://registry.npmjs.org/emailjs-mime-codec
542 verbose addNameRange registry:https://registry.npmjs.org/emailjs-mime-codec not in flight; fetching
543 verbose get https://registry.npmjs.org/emailjs-mime-codec not expired, no request
544 silly addNameRange number 2 { name: 'emailjs-mime-codec',
544 silly addNameRange   range: '>=2.0.7 <3.0.0',
544 silly addNameRange   hasData: true }
545 silly addNameRange versions [ 'emailjs-mime-codec',
545 silly addNameRange   [ '1.0.0',
545 silly addNameRange     '1.0.1',
545 silly addNameRange     '1.0.2',
545 silly addNameRange     '1.0.3',
545 silly addNameRange     '1.0.4',
545 silly addNameRange     '2.0.0',
545 silly addNameRange     '2.0.1',
545 silly addNameRange     '2.0.2',
545 silly addNameRange     '2.0.3',
545 silly addNameRange     '2.0.4',
545 silly addNameRange     '2.0.5',
545 silly addNameRange     '2.0.6',
545 silly addNameRange     '2.0.7',
545 silly addNameRange     '2.0.8',
545 silly addNameRange     '2.0.9' ] ]
546 silly addNamed emailjs-mime-codec@2.0.9
547 verbose addNamed "2.0.9" is a plain semver version for emailjs-mime-codec
548 silly cache afterAdd emailjs-mime-codec@2.0.9
549 verbose afterAdd /home/wafaaismail/.npm/emailjs-mime-codec/2.0.9/package/package.json not in flight; writing
550 http 304 https://registry.npmjs.org/addressparser
551 verbose headers { date: 'Wed, 04 Dec 2019 10:27:34 GMT',
551 verbose headers   connection: 'keep-alive',
551 verbose headers   'set-cookie':
551 verbose headers    [ '__cfduid=d423b1711436f607edccea730a777c70f1575455254; expires=Fri, 03-Jan-20 10:27:34 GMT; path=/; domain=.npmjs.org; HttpOnly' ],
551 verbose headers   'cf-ray': '53fd16ab7ffce930-MRS',
551 verbose headers   'cf-cache-status': 'HIT',
551 verbose headers   'cache-control': 'public, max-age=300',
551 verbose headers   age: '6674',
551 verbose headers   etag: '"5dd37d441a295fe616108aae5aaeceff"',
551 verbose headers   'last-modified': 'Sat, 26 May 2018 16:11:36 GMT',
551 verbose headers   vary: 'Accept-Encoding',
551 verbose headers   'expect-ct': 'max-age=604800, report-uri="https://report-uri.cloudflare.com/cdn-cgi/beacon/expect-ct"',
551 verbose headers   server: 'cloudflare' }
552 silly get cb [ 304,
552 silly get   { date: 'Wed, 04 Dec 2019 10:27:34 GMT',
552 silly get     connection: 'keep-alive',
552 silly get     'set-cookie':
552 silly get      [ '__cfduid=d423b1711436f607edccea730a777c70f1575455254; expires=Fri, 03-Jan-20 10:27:34 GMT; path=/; domain=.npmjs.org; HttpOnly' ],
552 silly get     'cf-ray': '53fd16ab7ffce930-MRS',
552 silly get     'cf-cache-status': 'HIT',
552 silly get     'cache-control': 'public, max-age=300',
552 silly get     age: '6674',
552 silly get     etag: '"5dd37d441a295fe616108aae5aaeceff"',
552 silly get     'last-modified': 'Sat, 26 May 2018 16:11:36 GMT',
552 silly get     vary: 'Accept-Encoding',
552 silly get     'expect-ct': 'max-age=604800, report-uri="https://report-uri.cloudflare.com/cdn-cgi/beacon/expect-ct"',
552 silly get     server: 'cloudflare' } ]
553 verbose etag https://registry.npmjs.org/addressparser from cache
554 verbose get saving addressparser to /home/wafaaismail/.npm/registry.npmjs.org/addressparser/.cache.json
555 verbose afterAdd /home/wafaaismail/.npm/emailjs-mime-codec/2.0.9/package/package.json written
556 silly resolveWithNewModule addressparser@0.3.2 checking installable status
557 silly cache add args [ 'addressparser@^0.3.2', null ]
558 verbose cache add spec addressparser@^0.3.2
559 silly cache add parsed spec Result {
559 silly cache add   raw: 'addressparser@^0.3.2',
559 silly cache add   scope: null,
559 silly cache add   name: 'addressparser',
559 silly cache add   rawSpec: '^0.3.2',
559 silly cache add   spec: '>=0.3.2 <0.4.0',
559 silly cache add   type: 'range' }
560 silly addNamed addressparser@>=0.3.2 <0.4.0
561 verbose addNamed ">=0.3.2 <0.4.0" is a valid semver range for addressparser
562 silly addNameRange { name: 'addressparser',
562 silly addNameRange   range: '>=0.3.2 <0.4.0',
562 silly addNameRange   hasData: false }
563 silly mapToRegistry name addressparser
564 silly mapToRegistry using default registry
565 silly mapToRegistry registry https://registry.npmjs.org/
566 silly mapToRegistry uri https://registry.npmjs.org/addressparser
567 verbose addNameRange registry:https://registry.npmjs.org/addressparser not in flight; fetching
568 verbose get https://registry.npmjs.org/addressparser not expired, no request
569 silly addNameRange number 2 { name: 'addressparser', range: '>=0.3.2 <0.4.0', hasData: true }
570 silly addNameRange versions [ 'addressparser',
570 silly addNameRange   [ '0.1.0',
570 silly addNameRange     '0.1.1',
570 silly addNameRange     '0.1.2',
570 silly addNameRange     '0.1.3',
570 silly addNameRange     '0.2.0',
570 silly addNameRange     '0.2.1',
570 silly addNameRange     '0.3.0',
570 silly addNameRange     '0.3.1',
570 silly addNameRange     '0.3.2',
570 silly addNameRange     '1.0.0',
570 silly addNameRange     '1.0.1' ] ]
571 silly addNamed addressparser@0.3.2
572 verbose addNamed "0.3.2" is a plain semver version for addressparser
573 silly cache afterAdd addressparser@0.3.2
574 verbose afterAdd /home/wafaaismail/.npm/addressparser/0.3.2/package/package.json not in flight; writing
575 verbose afterAdd /home/wafaaismail/.npm/addressparser/0.3.2/package/package.json written
576 silly fetchNamedPackageData emailjs-base64
577 silly mapToRegistry name emailjs-base64
578 silly mapToRegistry using default registry
579 silly mapToRegistry registry https://registry.npmjs.org/
580 silly mapToRegistry uri https://registry.npmjs.org/emailjs-base64
581 silly fetchNamedPackageData ramda
582 silly mapToRegistry name ramda
583 silly mapToRegistry using default registry
584 silly mapToRegistry registry https://registry.npmjs.org/
585 silly mapToRegistry uri https://registry.npmjs.org/ramda
586 verbose request uri https://registry.npmjs.org/ramda
587 verbose request no auth needed
588 info attempt registry request try #1 at 12:27:34 PM
589 verbose etag W/"e741a640d5ca826b0aad065861228bc8"
590 verbose lastModified Fri, 27 Sep 2019 05:34:33 GMT
591 http request GET https://registry.npmjs.org/ramda
592 verbose request uri https://registry.npmjs.org/emailjs-base64
593 verbose request no auth needed
594 info attempt registry request try #1 at 12:27:34 PM
595 verbose etag W/"a19d45361e97174394069864b82f61cb"
596 verbose lastModified Sat, 26 May 2018 23:10:23 GMT
597 http request GET https://registry.npmjs.org/emailjs-base64
598 http 304 https://registry.npmjs.org/ramda
599 verbose headers { date: 'Wed, 04 Dec 2019 10:27:34 GMT',
599 verbose headers   connection: 'keep-alive',
599 verbose headers   'set-cookie':
599 verbose headers    [ '__cfduid=dfdf3954a15ae004fab47ad2a63ee1fd21575455254; expires=Fri, 03-Jan-20 10:27:34 GMT; path=/; domain=.npmjs.org; HttpOnly' ],
599 verbose headers   'cf-ray': '53fd16ad3896e914-MRS',
599 verbose headers   'cf-cache-status': 'HIT',
599 verbose headers   'cache-control': 'public, max-age=300',
599 verbose headers   age: '358',
599 verbose headers   etag: '"e741a640d5ca826b0aad065861228bc8"',
599 verbose headers   'last-modified': 'Fri, 27 Sep 2019 05:34:33 GMT',
599 verbose headers   vary: 'Accept-Encoding',
599 verbose headers   'expect-ct': 'max-age=604800, report-uri="https://report-uri.cloudflare.com/cdn-cgi/beacon/expect-ct"',
599 verbose headers   server: 'cloudflare' }
600 silly get cb [ 304,
600 silly get   { date: 'Wed, 04 Dec 2019 10:27:34 GMT',
600 silly get     connection: 'keep-alive',
600 silly get     'set-cookie':
600 silly get      [ '__cfduid=dfdf3954a15ae004fab47ad2a63ee1fd21575455254; expires=Fri, 03-Jan-20 10:27:34 GMT; path=/; domain=.npmjs.org; HttpOnly' ],
600 silly get     'cf-ray': '53fd16ad3896e914-MRS',
600 silly get     'cf-cache-status': 'HIT',
600 silly get     'cache-control': 'public, max-age=300',
600 silly get     age: '358',
600 silly get     etag: '"e741a640d5ca826b0aad065861228bc8"',
600 silly get     'last-modified': 'Fri, 27 Sep 2019 05:34:33 GMT',
600 silly get     vary: 'Accept-Encoding',
600 silly get     'expect-ct': 'max-age=604800, report-uri="https://report-uri.cloudflare.com/cdn-cgi/beacon/expect-ct"',
600 silly get     server: 'cloudflare' } ]
601 verbose etag https://registry.npmjs.org/ramda from cache
602 verbose get saving ramda to /home/wafaaismail/.npm/registry.npmjs.org/ramda/.cache.json
603 http 304 https://registry.npmjs.org/emailjs-base64
604 verbose headers { date: 'Wed, 04 Dec 2019 10:27:34 GMT',
604 verbose headers   connection: 'keep-alive',
604 verbose headers   'set-cookie':
604 verbose headers    [ '__cfduid=d68bcfd3fb0541f2948e9cff7052ff6ca1575455254; expires=Fri, 03-Jan-20 10:27:34 GMT; path=/; domain=.npmjs.org; HttpOnly' ],
604 verbose headers   'cf-ray': '53fd16ad4adad789-MRS',
604 verbose headers   'cf-cache-status': 'HIT',
604 verbose headers   'cache-control': 'public, max-age=300',
604 verbose headers   age: '7080',
604 verbose headers   etag: '"a19d45361e97174394069864b82f61cb"',
604 verbose headers   'last-modified': 'Sat, 26 May 2018 23:10:23 GMT',
604 verbose headers   vary: 'Accept-Encoding',
604 verbose headers   'expect-ct': 'max-age=604800, report-uri="https://report-uri.cloudflare.com/cdn-cgi/beacon/expect-ct"',
604 verbose headers   server: 'cloudflare' }
605 silly get cb [ 304,
605 silly get   { date: 'Wed, 04 Dec 2019 10:27:34 GMT',
605 silly get     connection: 'keep-alive',
605 silly get     'set-cookie':
605 silly get      [ '__cfduid=d68bcfd3fb0541f2948e9cff7052ff6ca1575455254; expires=Fri, 03-Jan-20 10:27:34 GMT; path=/; domain=.npmjs.org; HttpOnly' ],
605 silly get     'cf-ray': '53fd16ad4adad789-MRS',
605 silly get     'cf-cache-status': 'HIT',
605 silly get     'cache-control': 'public, max-age=300',
605 silly get     age: '7080',
605 silly get     etag: '"a19d45361e97174394069864b82f61cb"',
605 silly get     'last-modified': 'Sat, 26 May 2018 23:10:23 GMT',
605 silly get     vary: 'Accept-Encoding',
605 silly get     'expect-ct': 'max-age=604800, report-uri="https://report-uri.cloudflare.com/cdn-cgi/beacon/expect-ct"',
605 silly get     server: 'cloudflare' } ]
606 verbose etag https://registry.npmjs.org/emailjs-base64 from cache
607 verbose get saving emailjs-base64 to /home/wafaaismail/.npm/registry.npmjs.org/emailjs-base64/.cache.json
608 silly resolveWithNewModule emailjs-base64@1.1.4 checking installable status
609 silly cache add args [ 'emailjs-base64@^1.1.4', null ]
610 verbose cache add spec emailjs-base64@^1.1.4
611 silly cache add parsed spec Result {
611 silly cache add   raw: 'emailjs-base64@^1.1.4',
611 silly cache add   scope: null,
611 silly cache add   name: 'emailjs-base64',
611 silly cache add   rawSpec: '^1.1.4',
611 silly cache add   spec: '>=1.1.4 <2.0.0',
611 silly cache add   type: 'range' }
612 silly addNamed emailjs-base64@>=1.1.4 <2.0.0
613 verbose addNamed ">=1.1.4 <2.0.0" is a valid semver range for emailjs-base64
614 silly addNameRange { name: 'emailjs-base64',
614 silly addNameRange   range: '>=1.1.4 <2.0.0',
614 silly addNameRange   hasData: false }
615 silly mapToRegistry name emailjs-base64
616 silly mapToRegistry using default registry
617 silly mapToRegistry registry https://registry.npmjs.org/
618 silly mapToRegistry uri https://registry.npmjs.org/emailjs-base64
619 verbose addNameRange registry:https://registry.npmjs.org/emailjs-base64 not in flight; fetching
620 silly resolveWithNewModule ramda@0.26.1 checking installable status
621 silly cache add args [ 'ramda@^0.26.1', null ]
622 verbose cache add spec ramda@^0.26.1
623 silly cache add parsed spec Result {
623 silly cache add   raw: 'ramda@^0.26.1',
623 silly cache add   scope: null,
623 silly cache add   name: 'ramda',
623 silly cache add   rawSpec: '^0.26.1',
623 silly cache add   spec: '>=0.26.1 <0.27.0',
623 silly cache add   type: 'range' }
624 silly addNamed ramda@>=0.26.1 <0.27.0
625 verbose addNamed ">=0.26.1 <0.27.0" is a valid semver range for ramda
626 silly addNameRange { name: 'ramda', range: '>=0.26.1 <0.27.0', hasData: false }
627 silly mapToRegistry name ramda
628 silly mapToRegistry using default registry
629 silly mapToRegistry registry https://registry.npmjs.org/
630 silly mapToRegistry uri https://registry.npmjs.org/ramda
631 verbose addNameRange registry:https://registry.npmjs.org/ramda not in flight; fetching
632 verbose get https://registry.npmjs.org/emailjs-base64 not expired, no request
633 silly addNameRange number 2 { name: 'emailjs-base64',
633 silly addNameRange   range: '>=1.1.4 <2.0.0',
633 silly addNameRange   hasData: true }
634 silly addNameRange versions [ 'emailjs-base64',
634 silly addNameRange   [ '1.0.0',
634 silly addNameRange     '1.0.1',
634 silly addNameRange     '1.0.2',
634 silly addNameRange     '1.0.3',
634 silly addNameRange     '1.1.0',
634 silly addNameRange     '1.1.1',
634 silly addNameRange     '1.1.2',
634 silly addNameRange     '1.1.3',
634 silly addNameRange     '1.1.4' ] ]
635 silly addNamed emailjs-base64@1.1.4
636 verbose addNamed "1.1.4" is a plain semver version for emailjs-base64
637 verbose get https://registry.npmjs.org/ramda not expired, no request
638 silly addNameRange number 2 { name: 'ramda', range: '>=0.26.1 <0.27.0', hasData: true }
639 silly addNameRange versions [ 'ramda',
639 silly addNameRange   [ '0.1.0',
639 silly addNameRange     '0.1.1',
639 silly addNameRange     '0.1.2',
639 silly addNameRange     '0.1.4',
639 silly addNameRange     '0.1.5',
639 silly addNameRange     '0.2.0',
639 silly addNameRange     '0.2.1',
639 silly addNameRange     '0.2.2',
639 silly addNameRange     '0.2.3',
639 silly addNameRange     '0.2.4',
639 silly addNameRange     '0.3.0',
639 silly addNameRange     '0.4.0',
639 silly addNameRange     '0.4.1',
639 silly addNameRange     '0.4.2',
639 silly addNameRange     '0.4.3',
639 silly addNameRange     '0.5.0',
639 silly addNameRange     '0.6.0',
639 silly addNameRange     '0.7.0',
639 silly addNameRange     '0.7.1',
639 silly addNameRange     '0.7.2',
639 silly addNameRange     '0.8.0',
639 silly addNameRange     '0.9.0',
639 silly addNameRange     '0.9.1',
639 silly addNameRange     '0.10.0',
639 silly addNameRange     '0.11.0',
639 silly addNameRange     '0.12.0',
639 silly addNameRange     '0.13.0',
639 silly addNameRange     '0.14.0',
639 silly addNameRange     '0.15.0',
639 silly addNameRange     '0.15.1',
639 silly addNameRange     '0.16.0',
639 silly addNameRange     '0.17.0',
639 silly addNameRange     '0.17.1',
639 silly addNameRange     '0.18.0',
639 silly addNameRange     '0.19.0',
639 silly addNameRange     '0.19.1',
639 silly addNameRange     '0.20.0',
639 silly addNameRange     '0.20.1',
639 silly addNameRange     '0.21.0',
639 silly addNameRange     '0.22.0',
639 silly addNameRange     '0.22.1',
639 silly addNameRange     '0.23.0',
639 silly addNameRange     '0.24.0',
639 silly addNameRange     '0.24.1',
639 silly addNameRange     '0.24.1-es.rc1',
639 silly addNameRange     '0.24.1-es.rc2',
639 silly addNameRange     '0.24.1-es.rc3',
639 silly addNameRange     '0.25.0',
639 silly addNameRange     '0.26.0',
639 silly addNameRange     '0.26.1' ] ]
640 silly addNamed ramda@0.26.1
641 verbose addNamed "0.26.1" is a plain semver version for ramda
642 silly cache afterAdd emailjs-base64@1.1.4
643 verbose afterAdd /home/wafaaismail/.npm/emailjs-base64/1.1.4/package/package.json not in flight; writing
644 verbose afterAdd /home/wafaaismail/.npm/emailjs-base64/1.1.4/package/package.json written
645 silly cache afterAdd ramda@0.26.1
646 verbose afterAdd /home/wafaaismail/.npm/ramda/0.26.1/package/package.json not in flight; writing
647 verbose afterAdd /home/wafaaismail/.npm/ramda/0.26.1/package/package.json written
648 silly fetchNamedPackageData async-limiter
649 silly mapToRegistry name async-limiter
650 silly mapToRegistry using default registry
651 silly mapToRegistry registry https://registry.npmjs.org/
652 silly mapToRegistry uri https://registry.npmjs.org/async-limiter
653 verbose request uri https://registry.npmjs.org/async-limiter
654 verbose request no auth needed
655 info attempt registry request try #1 at 12:27:35 PM
656 verbose etag W/"85461242bc927889b552d37a8c3c8c7a"
657 verbose lastModified Wed, 20 Nov 2019 17:39:10 GMT
658 http request GET https://registry.npmjs.org/async-limiter
659 http 304 https://registry.npmjs.org/async-limiter
660 verbose headers { date: 'Wed, 04 Dec 2019 10:27:35 GMT',
660 verbose headers   connection: 'keep-alive',
660 verbose headers   'set-cookie':
660 verbose headers    [ '__cfduid=d7d6c05b782e845719e63af04114fdb4b1575455255; expires=Fri, 03-Jan-20 10:27:35 GMT; path=/; domain=.npmjs.org; HttpOnly' ],
660 verbose headers   'cf-ray': '53fd16b01bd2e918-MRS',
660 verbose headers   'cf-cache-status': 'HIT',
660 verbose headers   'cache-control': 'public, max-age=300',
660 verbose headers   age: '4014',
660 verbose headers   etag: '"85461242bc927889b552d37a8c3c8c7a"',
660 verbose headers   'last-modified': 'Wed, 20 Nov 2019 17:39:10 GMT',
660 verbose headers   vary: 'Accept-Encoding',
660 verbose headers   'expect-ct': 'max-age=604800, report-uri="https://report-uri.cloudflare.com/cdn-cgi/beacon/expect-ct"',
660 verbose headers   server: 'cloudflare' }
661 silly get cb [ 304,
661 silly get   { date: 'Wed, 04 Dec 2019 10:27:35 GMT',
661 silly get     connection: 'keep-alive',
661 silly get     'set-cookie':
661 silly get      [ '__cfduid=d7d6c05b782e845719e63af04114fdb4b1575455255; expires=Fri, 03-Jan-20 10:27:35 GMT; path=/; domain=.npmjs.org; HttpOnly' ],
661 silly get     'cf-ray': '53fd16b01bd2e918-MRS',
661 silly get     'cf-cache-status': 'HIT',
661 silly get     'cache-control': 'public, max-age=300',
661 silly get     age: '4014',
661 silly get     etag: '"85461242bc927889b552d37a8c3c8c7a"',
661 silly get     'last-modified': 'Wed, 20 Nov 2019 17:39:10 GMT',
661 silly get     vary: 'Accept-Encoding',
661 silly get     'expect-ct': 'max-age=604800, report-uri="https://report-uri.cloudflare.com/cdn-cgi/beacon/expect-ct"',
661 silly get     server: 'cloudflare' } ]
662 verbose etag https://registry.npmjs.org/async-limiter from cache
663 verbose get saving async-limiter to /home/wafaaismail/.npm/registry.npmjs.org/async-limiter/.cache.json
664 silly resolveWithNewModule async-limiter@1.0.1 checking installable status
665 silly cache add args [ 'async-limiter@^1.0.0', null ]
666 verbose cache add spec async-limiter@^1.0.0
667 silly cache add parsed spec Result {
667 silly cache add   raw: 'async-limiter@^1.0.0',
667 silly cache add   scope: null,
667 silly cache add   name: 'async-limiter',
667 silly cache add   rawSpec: '^1.0.0',
667 silly cache add   spec: '>=1.0.0 <2.0.0',
667 silly cache add   type: 'range' }
668 silly addNamed async-limiter@>=1.0.0 <2.0.0
669 verbose addNamed ">=1.0.0 <2.0.0" is a valid semver range for async-limiter
670 silly addNameRange { name: 'async-limiter',
670 silly addNameRange   range: '>=1.0.0 <2.0.0',
670 silly addNameRange   hasData: false }
671 silly mapToRegistry name async-limiter
672 silly mapToRegistry using default registry
673 silly mapToRegistry registry https://registry.npmjs.org/
674 silly mapToRegistry uri https://registry.npmjs.org/async-limiter
675 verbose addNameRange registry:https://registry.npmjs.org/async-limiter not in flight; fetching
676 verbose get https://registry.npmjs.org/async-limiter not expired, no request
677 silly addNameRange number 2 { name: 'async-limiter', range: '>=1.0.0 <2.0.0', hasData: true }
678 silly addNameRange versions [ 'async-limiter', [ '1.0.0', '1.0.1', '2.0.0' ] ]
679 silly addNamed async-limiter@1.0.1
680 verbose addNamed "1.0.1" is a plain semver version for async-limiter
681 silly cache afterAdd async-limiter@1.0.1
682 verbose afterAdd /home/wafaaismail/.npm/async-limiter/1.0.1/package/package.json not in flight; writing
683 verbose afterAdd /home/wafaaismail/.npm/async-limiter/1.0.1/package/package.json written
684 silly loadAllDepsIntoIdealTree Finishing
685 silly idealTree:prePrune lib
685 silly idealTree:prePrune  gun@0.2019.1120
685 silly idealTree:prePrune    @peculiar/asn1-schema@1.0.3
685 silly idealTree:prePrune    @peculiar/json-schema@1.1.6
685 silly idealTree:prePrune    @peculiar/webcrypto@1.0.21
685 silly idealTree:prePrune    @types/node@10.17.6
685 silly idealTree:prePrune    addressparser@0.3.2
685 silly idealTree:prePrune    asn1js@2.0.26
685 silly idealTree:prePrune    async-limiter@1.0.1
685 silly idealTree:prePrune    emailjs-base64@1.1.4
685 silly idealTree:prePrune    emailjs-mime-codec@2.0.9
685 silly idealTree:prePrune    emailjs@2.2.0
685 silly idealTree:prePrune    pvtsutils@1.0.6
685 silly idealTree:prePrune    pvutils@1.0.17
685 silly idealTree:prePrune    ramda@0.26.1
685 silly idealTree:prePrune    text-encoding@0.7.0
685 silly idealTree:prePrune    tslib@1.10.0
685 silly idealTree:prePrune    webcrypto-core@1.0.14
685 silly idealTree:prePrune    ws@7.1.2
686 silly loadIdealTree Finishing
687 silly currentTree lib
688 silly idealTree lib
688 silly idealTree  gun@0.2019.1120
688 silly idealTree    @peculiar/asn1-schema@1.0.3
688 silly idealTree    @peculiar/json-schema@1.1.6
688 silly idealTree    @peculiar/webcrypto@1.0.21
688 silly idealTree    @types/node@10.17.6
688 silly idealTree    addressparser@0.3.2
688 silly idealTree    asn1js@2.0.26
688 silly idealTree    async-limiter@1.0.1
688 silly idealTree    emailjs-base64@1.1.4
688 silly idealTree    emailjs-mime-codec@2.0.9
688 silly idealTree    emailjs@2.2.0
688 silly idealTree    pvtsutils@1.0.6
688 silly idealTree    pvutils@1.0.17
688 silly idealTree    ramda@0.26.1
688 silly idealTree    text-encoding@0.7.0
688 silly idealTree    tslib@1.10.0
688 silly idealTree    webcrypto-core@1.0.14
688 silly idealTree    ws@7.1.2
689 silly generateActionsToTake Starting
690 silly install generateActionsToTake
691 warn checkPermissions Missing write access to /usr/local/lib/node_modules
692 silly rollbackFailedOptional Starting
693 silly rollbackFailedOptional Finishing
694 silly runTopLevelLifecycles Starting
695 silly runTopLevelLifecycles Finishing
696 silly install printInstalled
697 verbose stack Error: EACCES: permission denied, access '/usr/local/lib/node_modules'
698 verbose cwd /home/wafaaismail/Desktop/Task1/ToDoList
699 error Linux 5.0.0-37-generic
700 error argv "/usr/bin/node" "/usr/bin/npm" "i" "-g" "gun"
701 error node v8.10.0
702 error npm  v3.5.2
703 error path /usr/local/lib/node_modules
704 error code EACCES
705 error errno -13
706 error syscall access
707 error Error: EACCES: permission denied, access '/usr/local/lib/node_modules'
707 error  { Error: EACCES: permission denied, access '/usr/local/lib/node_modules'
707 error   errno: -13,
707 error   code: 'EACCES',
707 error   syscall: 'access',
707 error   path: '/usr/local/lib/node_modules' }
708 error Please try running this command again as root/Administrator.
709 verbose exit [ -13, true ]
